0    [main] DEBUG org.jboss.logging  - Logging Provider: org.jboss.logging.Log4jLoggerProvider
45   [main] DEBUG org.hibernate.type.BasicTypeRegistry  - Adding type registration boolean -> org.hibernate.type.BooleanType@38cccef
45   [main] DEBUG org.hibernate.type.BasicTypeRegistry  - Adding type registration boolean -> org.hibernate.type.BooleanType@38cccef
45   [main] DEBUG org.hibernate.type.BasicTypeRegistry  - Adding type registration java.lang.Boolean -> org.hibernate.type.BooleanType@38cccef
48   [main] DEBUG org.hibernate.type.BasicTypeRegistry  - Adding type registration numeric_boolean -> org.hibernate.type.NumericBooleanType@64b8f8f4
54   [main] DEBUG org.hibernate.type.BasicTypeRegistry  - Adding type registration true_false -> org.hibernate.type.TrueFalseType@6d1e7682
57   [main] DEBUG org.hibernate.type.BasicTypeRegistry  - Adding type registration yes_no -> org.hibernate.type.YesNoType@16b4a017
62   [main] DEBUG org.hibernate.type.BasicTypeRegistry  - Adding type registration byte -> org.hibernate.type.ByteType@3419866c
62   [main] DEBUG org.hibernate.type.BasicTypeRegistry  - Adding type registration byte -> org.hibernate.type.ByteType@3419866c
62   [main] DEBUG org.hibernate.type.BasicTypeRegistry  - Adding type registration java.lang.Byte -> org.hibernate.type.ByteType@3419866c
65   [main] DEBUG org.hibernate.type.BasicTypeRegistry  - Adding type registration character -> org.hibernate.type.CharacterType@6842775d
66   [main] DEBUG org.hibernate.type.BasicTypeRegistry  - Adding type registration char -> org.hibernate.type.CharacterType@6842775d
66   [main] DEBUG org.hibernate.type.BasicTypeRegistry  - Adding type registration java.lang.Character -> org.hibernate.type.CharacterType@6842775d
71   [main] DEBUG org.hibernate.type.BasicTypeRegistry  - Adding type registration short -> org.hibernate.type.ShortType@5f5a92bb
71   [main] DEBUG org.hibernate.type.BasicTypeRegistry  - Adding type registration short -> org.hibernate.type.ShortType@5f5a92bb
72   [main] DEBUG org.hibernate.type.BasicTypeRegistry  - Adding type registration java.lang.Short -> org.hibernate.type.ShortType@5f5a92bb
75   [main] DEBUG org.hibernate.type.BasicTypeRegistry  - Adding type registration integer -> org.hibernate.type.IntegerType@4fccd51b
76   [main] DEBUG org.hibernate.type.BasicTypeRegistry  - Adding type registration int -> org.hibernate.type.IntegerType@4fccd51b
78   [main] DEBUG org.hibernate.type.BasicTypeRegistry  - Adding type registration java.lang.Integer -> org.hibernate.type.IntegerType@4fccd51b
85   [main] DEBUG org.hibernate.type.BasicTypeRegistry  - Adding type registration long -> org.hibernate.type.LongType@490d6c15
86   [main] DEBUG org.hibernate.type.BasicTypeRegistry  - Adding type registration long -> org.hibernate.type.LongType@490d6c15
86   [main] DEBUG org.hibernate.type.BasicTypeRegistry  - Adding type registration java.lang.Long -> org.hibernate.type.LongType@490d6c15
96   [main] DEBUG org.hibernate.type.BasicTypeRegistry  - Adding type registration float -> org.hibernate.type.FloatType@46f5f779
97   [main] DEBUG org.hibernate.type.BasicTypeRegistry  - Adding type registration float -> org.hibernate.type.FloatType@46f5f779
97   [main] DEBUG org.hibernate.type.BasicTypeRegistry  - Adding type registration java.lang.Float -> org.hibernate.type.FloatType@46f5f779
107  [main] DEBUG org.hibernate.type.BasicTypeRegistry  - Adding type registration double -> org.hibernate.type.DoubleType@18ef96
109  [main] DEBUG org.hibernate.type.BasicTypeRegistry  - Adding type registration double -> org.hibernate.type.DoubleType@18ef96
110  [main] DEBUG org.hibernate.type.BasicTypeRegistry  - Adding type registration java.lang.Double -> org.hibernate.type.DoubleType@18ef96
115  [main] DEBUG org.hibernate.type.BasicTypeRegistry  - Adding type registration big_decimal -> org.hibernate.type.BigDecimalType@6f79caec
115  [main] DEBUG org.hibernate.type.BasicTypeRegistry  - Adding type registration java.math.BigDecimal -> org.hibernate.type.BigDecimalType@6f79caec
119  [main] DEBUG org.hibernate.type.BasicTypeRegistry  - Adding type registration big_integer -> org.hibernate.type.BigIntegerType@763d9750
119  [main] DEBUG org.hibernate.type.BasicTypeRegistry  - Adding type registration java.math.BigInteger -> org.hibernate.type.BigIntegerType@763d9750
121  [main] DEBUG org.hibernate.type.BasicTypeRegistry  - Adding type registration string -> org.hibernate.type.StringType@31b7dea0
122  [main] DEBUG org.hibernate.type.BasicTypeRegistry  - Adding type registration java.lang.String -> org.hibernate.type.StringType@31b7dea0
126  [main] DEBUG org.hibernate.type.BasicTypeRegistry  - Adding type registration nstring -> org.hibernate.type.StringNVarcharType@3930015a
129  [main] DEBUG org.hibernate.type.BasicTypeRegistry  - Adding type registration ncharacter -> org.hibernate.type.CharacterNCharType@224aed64
131  [main] DEBUG org.hibernate.type.BasicTypeRegistry  - Adding type registration url -> org.hibernate.type.UrlType@50cbc42f
131  [main] DEBUG org.hibernate.type.BasicTypeRegistry  - Adding type registration java.net.URL -> org.hibernate.type.UrlType@50cbc42f
136  [main] DEBUG org.hibernate.type.BasicTypeRegistry  - Adding type registration date -> org.hibernate.type.DateType@77f03bb1
137  [main] DEBUG org.hibernate.type.BasicTypeRegistry  - Adding type registration java.sql.Date -> org.hibernate.type.DateType@77f03bb1
145  [main] DEBUG org.hibernate.type.BasicTypeRegistry  - Adding type registration time -> org.hibernate.type.TimeType@4b6995df
146  [main] DEBUG org.hibernate.type.BasicTypeRegistry  - Adding type registration java.sql.Time -> org.hibernate.type.TimeType@4b6995df
150  [main] DEBUG org.hibernate.type.BasicTypeRegistry  - Adding type registration timestamp -> org.hibernate.type.TimestampType@233c0b17
150  [main] DEBUG org.hibernate.type.BasicTypeRegistry  - Adding type registration java.sql.Timestamp -> org.hibernate.type.TimestampType@233c0b17
150  [main] DEBUG org.hibernate.type.BasicTypeRegistry  - Adding type registration java.util.Date -> org.hibernate.type.TimestampType@233c0b17
156  [main] DEBUG org.hibernate.type.BasicTypeRegistry  - Adding type registration dbtimestamp -> org.hibernate.type.DbTimestampType@33a10788
160  [main] DEBUG org.hibernate.type.BasicTypeRegistry  - Adding type registration calendar -> org.hibernate.type.CalendarType@17d99928
161  [main] DEBUG org.hibernate.type.BasicTypeRegistry  - Adding type registration java.util.Calendar -> org.hibernate.type.CalendarType@17d99928
161  [main] DEBUG org.hibernate.type.BasicTypeRegistry  - Adding type registration java.util.GregorianCalendar -> org.hibernate.type.CalendarType@17d99928
163  [main] DEBUG org.hibernate.type.BasicTypeRegistry  - Adding type registration calendar_date -> org.hibernate.type.CalendarDateType@6fffcba5
165  [main] DEBUG org.hibernate.type.BasicTypeRegistry  - Adding type registration locale -> org.hibernate.type.LocaleType@7907ec20
165  [main] DEBUG org.hibernate.type.BasicTypeRegistry  - Adding type registration java.util.Locale -> org.hibernate.type.LocaleType@7907ec20
168  [main] DEBUG org.hibernate.type.BasicTypeRegistry  - Adding type registration currency -> org.hibernate.type.CurrencyType@6833ce2c
168  [main] DEBUG org.hibernate.type.BasicTypeRegistry  - Adding type registration java.util.Currency -> org.hibernate.type.CurrencyType@6833ce2c
172  [main] DEBUG org.hibernate.type.BasicTypeRegistry  - Adding type registration timezone -> org.hibernate.type.TimeZoneType@649d209a
172  [main] DEBUG org.hibernate.type.BasicTypeRegistry  - Adding type registration java.util.TimeZone -> org.hibernate.type.TimeZoneType@649d209a
178  [main] DEBUG org.hibernate.type.BasicTypeRegistry  - Adding type registration class -> org.hibernate.type.ClassType@2a18f23c
178  [main] DEBUG org.hibernate.type.BasicTypeRegistry  - Adding type registration java.lang.Class -> org.hibernate.type.ClassType@2a18f23c
183  [main] DEBUG org.hibernate.type.BasicTypeRegistry  - Adding type registration uuid-binary -> org.hibernate.type.UUIDBinaryType@71c7db30
184  [main] DEBUG org.hibernate.type.BasicTypeRegistry  - Adding type registration java.util.UUID -> org.hibernate.type.UUIDBinaryType@71c7db30
185  [main] DEBUG org.hibernate.type.BasicTypeRegistry  - Adding type registration uuid-char -> org.hibernate.type.UUIDCharType@11531931
189  [main] DEBUG org.hibernate.type.BasicTypeRegistry  - Adding type registration pg-uuid -> org.hibernate.type.PostgresUUIDType@66d33a
191  [main] DEBUG org.hibernate.type.BasicTypeRegistry  - Adding type registration binary -> org.hibernate.type.BinaryType@c818063
191  [main] DEBUG org.hibernate.type.BasicTypeRegistry  - Adding type registration byte[] -> org.hibernate.type.BinaryType@c818063
192  [main] DEBUG org.hibernate.type.BasicTypeRegistry  - Adding type registration [B -> org.hibernate.type.BinaryType@c818063
194  [main] DEBUG org.hibernate.type.BasicTypeRegistry  - Adding type registration wrapper-binary -> org.hibernate.type.WrapperBinaryType@2c8d66b2
194  [main] DEBUG org.hibernate.type.BasicTypeRegistry  - Adding type registration Byte[] -> org.hibernate.type.WrapperBinaryType@2c8d66b2
194  [main] DEBUG org.hibernate.type.BasicTypeRegistry  - Adding type registration [Ljava.lang.Byte; -> org.hibernate.type.WrapperBinaryType@2c8d66b2
196  [main] DEBUG org.hibernate.type.BasicTypeRegistry  - Adding type registration image -> org.hibernate.type.ImageType@d041cf
197  [main] DEBUG org.hibernate.type.BasicTypeRegistry  - Adding type registration characters -> org.hibernate.type.CharArrayType@6b71769e
197  [main] DEBUG org.hibernate.type.BasicTypeRegistry  - Adding type registration char[] -> org.hibernate.type.CharArrayType@6b71769e
198  [main] DEBUG org.hibernate.type.BasicTypeRegistry  - Adding type registration [C -> org.hibernate.type.CharArrayType@6b71769e
199  [main] DEBUG org.hibernate.type.BasicTypeRegistry  - Adding type registration wrapper-characters -> org.hibernate.type.CharacterArrayType@27f674d
200  [main] DEBUG org.hibernate.type.BasicTypeRegistry  - Adding type registration [Ljava.lang.Character; -> org.hibernate.type.CharacterArrayType@27f674d
200  [main] DEBUG org.hibernate.type.BasicTypeRegistry  - Adding type registration Character[] -> org.hibernate.type.CharacterArrayType@27f674d
202  [main] DEBUG org.hibernate.type.BasicTypeRegistry  - Adding type registration text -> org.hibernate.type.TextType@49e4cb85
204  [main] DEBUG org.hibernate.type.BasicTypeRegistry  - Adding type registration ntext -> org.hibernate.type.NTextType@6a5fc7f7
216  [main] DEBUG org.hibernate.type.BasicTypeRegistry  - Adding type registration blob -> org.hibernate.type.BlobType@2acf57e3
216  [main] DEBUG org.hibernate.type.BasicTypeRegistry  - Adding type registration java.sql.Blob -> org.hibernate.type.BlobType@2acf57e3
217  [main] DEBUG org.hibernate.type.BasicTypeRegistry  - Adding type registration materialized_blob -> org.hibernate.type.MaterializedBlobType@3796751b
224  [main] DEBUG org.hibernate.type.BasicTypeRegistry  - Adding type registration clob -> org.hibernate.type.ClobType@3fb6a447
224  [main] DEBUG org.hibernate.type.BasicTypeRegistry  - Adding type registration java.sql.Clob -> org.hibernate.type.ClobType@3fb6a447
234  [main] DEBUG org.hibernate.type.BasicTypeRegistry  - Adding type registration nclob -> org.hibernate.type.NClobType@62043840
235  [main] DEBUG org.hibernate.type.BasicTypeRegistry  - Adding type registration java.sql.NClob -> org.hibernate.type.NClobType@62043840
236  [main] DEBUG org.hibernate.type.BasicTypeRegistry  - Adding type registration materialized_clob -> org.hibernate.type.MaterializedClobType@5d624da6
239  [main] DEBUG org.hibernate.type.BasicTypeRegistry  - Adding type registration materialized_nclob -> org.hibernate.type.MaterializedNClobType@3f2a3a5
241  [main] DEBUG org.hibernate.type.BasicTypeRegistry  - Adding type registration serializable -> org.hibernate.type.SerializableType@68837a77
246  [main] DEBUG org.hibernate.type.BasicTypeRegistry  - Adding type registration object -> org.hibernate.type.ObjectType@2d3fcdbd
247  [main] DEBUG org.hibernate.type.BasicTypeRegistry  - Adding type registration java.lang.Object -> org.hibernate.type.ObjectType@2d3fcdbd
248  [main] DEBUG org.hibernate.type.BasicTypeRegistry  - Adding type registration imm_date -> org.hibernate.type.AdaptedImmutableType@67b6d4ae
248  [main] DEBUG org.hibernate.type.BasicTypeRegistry  - Adding type registration imm_time -> org.hibernate.type.AdaptedImmutableType@34b7bfc0
248  [main] DEBUG org.hibernate.type.BasicTypeRegistry  - Adding type registration imm_timestamp -> org.hibernate.type.AdaptedImmutableType@366e2eef
248  [main] DEBUG org.hibernate.type.BasicTypeRegistry  - Adding type registration imm_dbtimestamp -> org.hibernate.type.AdaptedImmutableType@6df97b55
249  [main] DEBUG org.hibernate.type.BasicTypeRegistry  - Adding type registration imm_calendar -> org.hibernate.type.AdaptedImmutableType@3cbbc1e0
249  [main] DEBUG org.hibernate.type.BasicTypeRegistry  - Adding type registration imm_calendar_date -> org.hibernate.type.AdaptedImmutableType@35fb3008
249  [main] DEBUG org.hibernate.type.BasicTypeRegistry  - Adding type registration imm_binary -> org.hibernate.type.AdaptedImmutableType@7225790e
249  [main] DEBUG org.hibernate.type.BasicTypeRegistry  - Adding type registration imm_serializable -> org.hibernate.type.AdaptedImmutableType@54a097cc
291  [main] INFO  org.hibernate.annotations.common.Version  - HCANN000001: Hibernate Commons Annotations {4.0.5.Final}
310  [main] INFO  org.hibernate.Version  - HHH000412: Hibernate Core {4.3.11.Final}
314  [main] INFO  org.hibernate.cfg.Environment  - HHH000206: hibernate.properties not found
317  [main] INFO  org.hibernate.cfg.Environment  - HHH000021: Bytecode provider name : javassist
347  [main] DEBUG org.hibernate.id.factory.internal.DefaultIdentifierGeneratorFactory  - Registering IdentifierGenerator strategy [uuid2] -> [org.hibernate.id.UUIDGenerator]
348  [main] DEBUG org.hibernate.id.factory.internal.DefaultIdentifierGeneratorFactory  - Registering IdentifierGenerator strategy [guid] -> [org.hibernate.id.GUIDGenerator]
350  [main] DEBUG org.hibernate.id.factory.internal.DefaultIdentifierGeneratorFactory  - Registering IdentifierGenerator strategy [uuid] -> [org.hibernate.id.UUIDHexGenerator]
350  [main] DEBUG org.hibernate.id.factory.internal.DefaultIdentifierGeneratorFactory  - Registering IdentifierGenerator strategy [uuid.hex] -> [org.hibernate.id.UUIDHexGenerator]
352  [main] DEBUG org.hibernate.id.factory.internal.DefaultIdentifierGeneratorFactory  - Registering IdentifierGenerator strategy [hilo] -> [org.hibernate.id.TableHiLoGenerator]
353  [main] DEBUG org.hibernate.id.factory.internal.DefaultIdentifierGeneratorFactory  - Registering IdentifierGenerator strategy [assigned] -> [org.hibernate.id.Assigned]
355  [main] DEBUG org.hibernate.id.factory.internal.DefaultIdentifierGeneratorFactory  - Registering IdentifierGenerator strategy [identity] -> [org.hibernate.id.IdentityGenerator]
356  [main] DEBUG org.hibernate.id.factory.internal.DefaultIdentifierGeneratorFactory  - Registering IdentifierGenerator strategy [select] -> [org.hibernate.id.SelectGenerator]
357  [main] DEBUG org.hibernate.id.factory.internal.DefaultIdentifierGeneratorFactory  - Registering IdentifierGenerator strategy [sequence] -> [org.hibernate.id.SequenceGenerator]
358  [main] DEBUG org.hibernate.id.factory.internal.DefaultIdentifierGeneratorFactory  - Registering IdentifierGenerator strategy [seqhilo] -> [org.hibernate.id.SequenceHiLoGenerator]
360  [main] DEBUG org.hibernate.id.factory.internal.DefaultIdentifierGeneratorFactory  - Registering IdentifierGenerator strategy [increment] -> [org.hibernate.id.IncrementGenerator]
361  [main] DEBUG org.hibernate.id.factory.internal.DefaultIdentifierGeneratorFactory  - Registering IdentifierGenerator strategy [foreign] -> [org.hibernate.id.ForeignGenerator]
362  [main] DEBUG org.hibernate.id.factory.internal.DefaultIdentifierGeneratorFactory  - Registering IdentifierGenerator strategy [sequence-identity] -> [org.hibernate.id.SequenceIdentityGenerator]
365  [main] DEBUG org.hibernate.id.factory.internal.DefaultIdentifierGeneratorFactory  - Registering IdentifierGenerator strategy [enhanced-sequence] -> [org.hibernate.id.enhanced.SequenceStyleGenerator]
366  [main] DEBUG org.hibernate.id.factory.internal.DefaultIdentifierGeneratorFactory  - Registering IdentifierGenerator strategy [enhanced-table] -> [org.hibernate.id.enhanced.TableGenerator]
371  [main] INFO  org.hibernate.cfg.Configuration  - HHH000043: Configuring from resource: /hibernate.cfg.xml
371  [main] INFO  org.hibernate.cfg.Configuration  - HHH000040: Configuration resource: /hibernate.cfg.xml
426  [main] DEBUG org.hibernate.internal.util.xml.DTDEntityResolver  - Trying to resolve system-id [http://www.hibernate.org/dtd/hibernate-configuration-3.0.dtd]
426  [main] DEBUG org.hibernate.internal.util.xml.DTDEntityResolver  - Recognized hibernate namespace; attempting to resolve on classpath under org/hibernate/
427  [main] DEBUG org.hibernate.internal.util.xml.DTDEntityResolver  - Located [http://www.hibernate.org/dtd/hibernate-configuration-3.0.dtd] in classpath
455  [main] DEBUG org.hibernate.cfg.Configuration  - connection.driver_class=org.postgresql.Driver
455  [main] DEBUG org.hibernate.cfg.Configuration  - connection.url=jdbc:postgresql://localhost:5432/mydb
455  [main] DEBUG org.hibernate.cfg.Configuration  - connection.username=postgres
456  [main] DEBUG org.hibernate.cfg.Configuration  - connection.password=27406298
456  [main] DEBUG org.hibernate.cfg.Configuration  - connection.pool_size=1
456  [main] DEBUG org.hibernate.cfg.Configuration  - dialect=org.hibernate.dialect.PostgreSQL82Dialect
456  [main] DEBUG org.hibernate.cfg.Configuration  - show_sql=true
456  [main] DEBUG org.hibernate.cfg.Configuration  - Session-factory config [null] named resource [employee.hbm.xml] for mapping
456  [main] INFO  org.hibernate.cfg.Configuration  - HHH000221: Reading mappings from resource: employee.hbm.xml
525  [main] DEBUG org.hibernate.internal.util.xml.DTDEntityResolver  - Trying to resolve system-id [http://www.hibernate.org/dtd/hibernate-mapping-3.0.dtd]
526  [main] DEBUG org.hibernate.internal.util.xml.DTDEntityResolver  - Recognized hibernate namespace; attempting to resolve on classpath under org/hibernate/
526  [main] DEBUG org.hibernate.internal.util.xml.DTDEntityResolver  - Located [http://www.hibernate.org/dtd/hibernate-mapping-3.0.dtd] in classpath
572  [main] DEBUG org.hibernate.cfg.Configuration  - Session-factory config [null] named resource [department.hbm.xml] for mapping
572  [main] INFO  org.hibernate.cfg.Configuration  - HHH000221: Reading mappings from resource: department.hbm.xml
575  [main] DEBUG org.hibernate.internal.util.xml.DTDEntityResolver  - Trying to resolve system-id [http://www.hibernate.org/dtd/hibernate-mapping-3.0.dtd]
575  [main] DEBUG org.hibernate.internal.util.xml.DTDEntityResolver  - Recognized hibernate namespace; attempting to resolve on classpath under org/hibernate/
575  [main] DEBUG org.hibernate.internal.util.xml.DTDEntityResolver  - Located [http://www.hibernate.org/dtd/hibernate-mapping-3.0.dtd] in classpath
606  [main] INFO  org.hibernate.cfg.Configuration  - HHH000041: Configured SessionFactory: null
616  [main] DEBUG org.hibernate.cfg.Configuration  - Properties: {hibernate.connection.password=27406298, java.runtime.name=Java(TM) SE Runtime Environment, sun.boot.library.path=/usr/lib/jvm/java-8-oracle/jre/lib/amd64, java.vm.version=25.121-b13, hibernate.connection.username=postgres, java.vm.vendor=Oracle Corporation, java.vendor.url=http://java.oracle.com/, path.separator=:, java.vm.name=Java HotSpot(TM) 64-Bit Server VM, file.encoding.pkg=sun.io, user.country=US, sun.java.launcher=SUN_STANDARD, sun.os.patch.level=unknown, java.vm.specification.name=Java Virtual Machine Specification, user.dir=/home/sudheer/IndusTraining/IndusIDE/IndusTraining23PersistanceLogging, java.runtime.version=1.8.0_121-b13, java.awt.graphicsenv=sun.awt.X11GraphicsEnvironment, java.endorsed.dirs=/usr/lib/jvm/java-8-oracle/jre/lib/endorsed, os.arch=amd64, java.io.tmpdir=/tmp, line.separator=
, java.vm.specification.vendor=Oracle Corporation, os.name=Linux, sun.jnu.encoding=UTF-8, java.library.path=/usr/java/packages/lib/amd64:/usr/lib64:/lib64:/lib:/usr/lib, java.specification.name=Java Platform API Specification, java.class.version=52.0, hibernate.connection.pool_size=1, sun.management.compiler=HotSpot 64-Bit Tiered Compilers, os.version=4.4.0-72-generic, connection.password=27406298, user.home=/home/sudheer, user.timezone=, connection.username=postgres, java.awt.printerjob=sun.print.PSPrinterJob, file.encoding=UTF-8, java.specification.version=1.8, hibernate.connection.driver_class=org.postgresql.Driver, show_sql=true, user.name=sudheer, java.class.path=/home/sudheer/IndusTraining/IndusIDE/IndusTraining23PersistanceLogging/target/test-classes:/home/sudheer/IndusTraining/IndusIDE/IndusTraining23PersistanceLogging/target/classes:/home/sudheer/Downloads/sts-bundle/sts-3.8.3.RELEASE/plugins/org.junit_4.12.0.v201504281640/junit.jar:/home/sudheer/Downloads/sts-bundle/sts-3.8.3.RELEASE/plugins/org.hamcrest.core_1.3.0.v201303031735.jar:/home/sudheer/.m2/repository/log4j/log4j/1.2.15/log4j-1.2.15.jar:/home/sudheer/.m2/repository/javax/mail/mail/1.4/mail-1.4.jar:/home/sudheer/.m2/repository/javax/activation/activation/1.1/activation-1.1.jar:/home/sudheer/.m2/repository/org/apache/commons/commons-dbcp2/2.1.1/commons-dbcp2-2.1.1.jar:/home/sudheer/.m2/repository/org/apache/commons/commons-pool2/2.4.2/commons-pool2-2.4.2.jar:/home/sudheer/.m2/repository/commons-logging/commons-logging/1.2/commons-logging-1.2.jar:/home/sudheer/.m2/repository/org/postgresql/postgresql/9.3-1102-jdbc41/postgresql-9.3-1102-jdbc41.jar:/home/sudheer/.m2/repository/org/hibernate/hibernate-core/4.3.11.Final/hibernate-core-4.3.11.Final.jar:/home/sudheer/.m2/repository/org/jboss/logging/jboss-logging/3.1.3.GA/jboss-logging-3.1.3.GA.jar:/home/sudheer/.m2/repository/org/jboss/logging/jboss-logging-annotations/1.2.0.Beta1/jboss-logging-annotations-1.2.0.Beta1.jar:/home/sudheer/.m2/repository/org/jboss/spec/javax/transaction/jboss-transaction-api_1.2_spec/1.0.0.Final/jboss-transaction-api_1.2_spec-1.0.0.Final.jar:/home/sudheer/.m2/repository/dom4j/dom4j/1.6.1/dom4j-1.6.1.jar:/home/sudheer/.m2/repository/xml-apis/xml-apis/1.0.b2/xml-apis-1.0.b2.jar:/home/sudheer/.m2/repository/org/hibernate/common/hibernate-commons-annotations/4.0.5.Final/hibernate-commons-annotations-4.0.5.Final.jar:/home/sudheer/.m2/repository/org/hibernate/javax/persistence/hibernate-jpa-2.1-api/1.0.0.Final/hibernate-jpa-2.1-api-1.0.0.Final.jar:/home/sudheer/.m2/repository/antlr/antlr/2.7.7/antlr-2.7.7.jar:/home/sudheer/.m2/repository/org/jboss/jandex/1.1.0.Final/jandex-1.1.0.Final.jar:/home/sudheer/.m2/repository/org/javassist/javassist/3.20.0-GA/javassist-3.20.0-GA.jar:/home/sudheer/.m2/repository/org/slf4j/slf4j-api/1.7.24/slf4j-api-1.7.24.jar:/home/sudheer/Downloads/sts-bundle/sts-3.8.3.RELEASE/configuration/org.eclipse.osgi/299/0/.cp/:/home/sudheer/Downloads/sts-bundle/sts-3.8.3.RELEASE/configuration/org.eclipse.osgi/298/0/.cp/, hibernate.bytecode.use_reflection_optimizer=false, hibernate.show_sql=true, java.vm.specification.version=1.8, sun.java.command=org.eclipse.jdt.internal.junit.runner.RemoteTestRunner -version 3 -port 43750 -testLoaderClass org.eclipse.jdt.internal.junit4.runner.JUnit4TestLoader -loaderpluginname org.eclipse.jdt.junit4.runtime -classNames com.indus.training.test.TestEmployee, java.home=/usr/lib/jvm/java-8-oracle/jre, sun.arch.data.model=64, hibernate.dialect=org.hibernate.dialect.PostgreSQL82Dialect, hibernate.connection.url=jdbc:postgresql://localhost:5432/mydb, connection.pool_size=1, user.language=en, java.specification.vendor=Oracle Corporation, awt.toolkit=sun.awt.X11.XToolkit, java.vm.info=mixed mode, java.version=1.8.0_121, java.ext.dirs=/usr/lib/jvm/java-8-oracle/jre/lib/ext:/usr/java/packages/lib/ext, sun.boot.class.path=/usr/lib/jvm/java-8-oracle/jre/lib/resources.jar:/usr/lib/jvm/java-8-oracle/jre/lib/rt.jar:/usr/lib/jvm/java-8-oracle/jre/lib/sunrsasign.jar:/usr/lib/jvm/java-8-oracle/jre/lib/jsse.jar:/usr/lib/jvm/java-8-oracle/jre/lib/jce.jar:/usr/lib/jvm/java-8-oracle/jre/lib/charsets.jar:/usr/lib/jvm/java-8-oracle/jre/lib/jfr.jar:/usr/lib/jvm/java-8-oracle/jre/classes, java.vendor=Oracle Corporation, connection.driver_class=org.postgresql.Driver, file.separator=/, java.vendor.url.bug=http://bugreport.sun.com/bugreport/, sun.io.unicode.encoding=UnicodeLittle, sun.cpu.endian=little, sun.desktop=gnome, connection.url=jdbc:postgresql://localhost:5432/mydb, dialect=org.hibernate.dialect.PostgreSQL82Dialect, sun.cpu.isalist=}
637  [main] DEBUG org.hibernate.integrator.internal.IntegratorServiceImpl  - Adding Integrator [org.hibernate.cfg.beanvalidation.BeanValidationIntegrator].
643  [main] DEBUG org.hibernate.integrator.internal.IntegratorServiceImpl  - Adding Integrator [org.hibernate.secure.spi.JaccIntegrator].
648  [main] DEBUG org.hibernate.integrator.internal.IntegratorServiceImpl  - Adding Integrator [org.hibernate.cache.internal.CollectionCacheInvalidator].
678  [main] DEBUG org.hibernate.boot.registry.selector.internal.StrategySelectorImpl  - Registering named strategy selector [org.hibernate.dialect.Dialect] : [MySQL5] -> [org.hibernate.dialect.MySQL5Dialect] (replacing [org.hibernate.dialect.MySQL5Dialect])
678  [main] DEBUG org.hibernate.boot.registry.selector.internal.StrategySelectorImpl  - Registering named strategy selector [org.hibernate.dialect.Dialect] : [MySQL5InnoDB] -> [org.hibernate.dialect.MySQL5InnoDBDialect] (replacing [org.hibernate.dialect.MySQL5InnoDBDialect])
779  [main] DEBUG org.hibernate.service.spi.ServiceBinding  - Overriding existing service binding [org.hibernate.secure.spi.JaccService]
781  [main] DEBUG org.hibernate.cfg.Configuration  - Preparing to build session factory with filters : {}
798  [main] WARN  org.hibernate.engine.jdbc.connections.internal.DriverManagerConnectionProviderImpl  - HHH000402: Using Hibernate built-in connection pool (not for production use!)
872  [main] INFO  org.hibernate.engine.jdbc.connections.internal.DriverManagerConnectionProviderImpl  - HHH000401: using driver [org.postgresql.Driver] at URL [jdbc:postgresql://localhost:5432/mydb]
873  [main] INFO  org.hibernate.engine.jdbc.connections.internal.DriverManagerConnectionProviderImpl  - HHH000046: Connection properties: {user=postgres, password=27406298}
880  [main] INFO  org.hibernate.engine.jdbc.connections.internal.DriverManagerConnectionProviderImpl  - HHH000006: Autocommit mode: false
887  [main] INFO  org.hibernate.engine.jdbc.connections.internal.DriverManagerConnectionProviderImpl  - HHH000115: Hibernate connection pool size: 1 (min=1)
888  [main] DEBUG org.hibernate.engine.jdbc.connections.internal.DriverManagerConnectionProviderImpl  - Initializing Connection pool with 1 Connections
1029 [main] DEBUG org.hibernate.engine.jdbc.internal.JdbcServicesImpl  - Database ->
       name : PostgreSQL
    version : 9.5.6
      major : 9
      minor : 5
1030 [main] DEBUG org.hibernate.engine.jdbc.internal.JdbcServicesImpl  - Driver ->
       name : PostgreSQL Native Driver
    version : PostgreSQL 9.3 JDBC4.1 (build 1102)
      major : 9
      minor : 3
1030 [main] DEBUG org.hibernate.engine.jdbc.internal.JdbcServicesImpl  - JDBC version : 4.0
1036 [main] DEBUG org.hibernate.engine.jdbc.cursor.internal.StandardRefCursorSupport  - Unexpected error trying to gauge level of JDBC REF_CURSOR support : null
1395 [main] INFO  org.hibernate.dialect.Dialect  - HHH000400: Using dialect: org.hibernate.dialect.PostgreSQL82Dialect
1420 [main] INFO  org.hibernate.engine.jdbc.internal.LobCreatorBuilder  - HHH000424: Disabling contextual LOB creation as createClob() method threw error : java.lang.reflect.InvocationTargetException
1479 [main] DEBUG org.hibernate.cfg.Configuration  - Processing hbm.xml files
1508 [main] DEBUG org.hibernate.cfg.HbmBinder  - Mapping class: com.indus.training.persist.entity.Employee -> EMPLOYEES
1527 [main] DEBUG org.hibernate.cfg.HbmBinder  - Mapped property: employeeId -> EMPLOYEE_ID
1541 [main] DEBUG org.hibernate.cfg.HbmBinder  - Mapped property: firstName -> FIRST_NAME
1541 [main] DEBUG org.hibernate.cfg.HbmBinder  - Mapped property: lastName -> LAST_NAME
1541 [main] DEBUG org.hibernate.cfg.HbmBinder  - Mapped property: email -> EMAIL
1542 [main] DEBUG org.hibernate.cfg.HbmBinder  - Mapped property: phoneNumber -> PHONE_NUMBER
1542 [main] DEBUG org.hibernate.cfg.HbmBinder  - Mapped property: hireDate -> HIRE_DATE
1542 [main] DEBUG org.hibernate.cfg.HbmBinder  - Mapped property: jobID -> JOB_ID
1542 [main] DEBUG org.hibernate.cfg.HbmBinder  - Mapped property: salary -> SALARY
1542 [main] DEBUG org.hibernate.cfg.HbmBinder  - Mapped property: commissionPct -> COMMISSION_PCT
1543 [main] DEBUG org.hibernate.cfg.HbmBinder  - Mapped property: managerId -> MANAGER_ID
1543 [main] DEBUG org.hibernate.cfg.HbmBinder  - Mapped property: departmentId -> DEPARTMENT_ID
1543 [main] DEBUG org.hibernate.cfg.HbmBinder  - Mapping class: com.indus.training.persist.entity.Department -> DEPARTMENTS
1545 [main] DEBUG org.hibernate.cfg.HbmBinder  - Mapped property: departmentId -> DEPARTMENT_ID
1545 [main] DEBUG org.hibernate.cfg.HbmBinder  - Mapped property: departmentName -> DEPARTMENT_NAME
1545 [main] DEBUG org.hibernate.cfg.HbmBinder  - Mapped property: managerId -> MANAGER_ID
1546 [main] DEBUG org.hibernate.cfg.HbmBinder  - Mapped property: locationId -> LOCATION_ID
1546 [main] DEBUG org.hibernate.cfg.Configuration  - Process annotated classes
1548 [main] DEBUG org.hibernate.cfg.Configuration  - Processing fk mappings (*ToOne and JoinedSubclass)
1549 [main] DEBUG org.hibernate.cfg.Configuration  - Processing extends queue
1549 [main] DEBUG org.hibernate.cfg.Configuration  - Processing extends queue
1549 [main] DEBUG org.hibernate.cfg.Configuration  - Processing collection mappings
1549 [main] DEBUG org.hibernate.cfg.Configuration  - Processing native query and ResultSetMapping mappings
1549 [main] DEBUG org.hibernate.cfg.Configuration  - Processing association property references
1549 [main] DEBUG org.hibernate.cfg.Configuration  - Creating tables' unique integer identifiers
1549 [main] DEBUG org.hibernate.cfg.Configuration  - Processing foreign key constraints
1555 [main] DEBUG org.hibernate.engine.transaction.jta.platform.internal.JtaPlatformInitiator  - No JtaPlatform was specified, checking resolver
1557 [main] DEBUG org.hibernate.engine.transaction.jta.platform.internal.JtaPlatformResolverInitiator  - No JtaPlatformResolver was specified, using default [org.hibernate.engine.transaction.jta.platform.internal.StandardJtaPlatformResolver]
1565 [main] DEBUG org.hibernate.engine.transaction.jta.platform.internal.StandardJtaPlatformResolver  - Could not resolve JtaPlatform, using default [org.hibernate.engine.transaction.jta.platform.internal.NoJtaPlatform]
1572 [main] DEBUG org.hibernate.cfg.SettingsFactory  - Automatic flush during beforeCompletion(): disabled
1573 [main] DEBUG org.hibernate.cfg.SettingsFactory  - Automatic session close at end of transaction: disabled
1573 [main] DEBUG org.hibernate.cfg.SettingsFactory  - JDBC batch size: 15
1573 [main] DEBUG org.hibernate.cfg.SettingsFactory  - JDBC batch updates for versioned data: disabled
1573 [main] DEBUG org.hibernate.cfg.SettingsFactory  - Scrollable result sets: enabled
1573 [main] DEBUG org.hibernate.cfg.SettingsFactory  - Wrap result sets: disabled
1573 [main] DEBUG org.hibernate.cfg.SettingsFactory  - JDBC3 getGeneratedKeys(): enabled
1573 [main] DEBUG org.hibernate.cfg.SettingsFactory  - multi-tenancy strategy : NONE
1573 [main] DEBUG org.hibernate.cfg.SettingsFactory  - Connection release mode: auto
1574 [main] INFO  org.hibernate.engine.transaction.internal.TransactionFactoryInitiator  - HHH000399: Using default transaction strategy (direct JDBC transactions)
1580 [main] DEBUG org.hibernate.cfg.SettingsFactory  - Using BatchFetchStyle : LEGACY
1581 [main] DEBUG org.hibernate.cfg.SettingsFactory  - Default batch fetch size: 1
1581 [main] DEBUG org.hibernate.cfg.SettingsFactory  - Generate SQL with comments: disabled
1581 [main] DEBUG org.hibernate.cfg.SettingsFactory  - Order SQL updates by primary key: disabled
1581 [main] DEBUG org.hibernate.cfg.SettingsFactory  - Order SQL inserts for batching: disabled
1581 [main] DEBUG org.hibernate.cfg.SettingsFactory  - Default null ordering: none
1582 [main] DEBUG org.hibernate.cfg.SettingsFactory  - Query translator: org.hibernate.hql.internal.ast.ASTQueryTranslatorFactory
1586 [main] INFO  org.hibernate.hql.internal.ast.ASTQueryTranslatorFactory  - HHH000397: Using ASTQueryTranslatorFactory
1587 [main] DEBUG org.hibernate.cfg.SettingsFactory  - Query language substitutions: {}
1587 [main] DEBUG org.hibernate.cfg.SettingsFactory  - JPA-QL strict compliance: disabled
1587 [main] DEBUG org.hibernate.cfg.SettingsFactory  - Second-level cache: enabled
1587 [main] DEBUG org.hibernate.cfg.SettingsFactory  - Query cache: disabled
1589 [main] DEBUG org.hibernate.cache.internal.RegionFactoryInitiator  - Cache region factory : org.hibernate.cache.internal.NoCachingRegionFactory
1595 [main] DEBUG org.hibernate.cfg.SettingsFactory  - Optimize cache for minimal puts: disabled
1595 [main] DEBUG org.hibernate.cfg.SettingsFactory  - Structured second-level cache entries: disabled
1595 [main] DEBUG org.hibernate.cfg.SettingsFactory  - Second-level cache direct-reference entries: disabled
1595 [main] DEBUG org.hibernate.cfg.SettingsFactory  - Automatic eviction of collection cache: disabled
1595 [main] DEBUG org.hibernate.cfg.SettingsFactory  - Statistics: disabled
1596 [main] DEBUG org.hibernate.cfg.SettingsFactory  - Deleted entity synthetic identifier rollback: disabled
1596 [main] DEBUG org.hibernate.cfg.SettingsFactory  - Default entity-mode: pojo
1596 [main] DEBUG org.hibernate.cfg.SettingsFactory  - Named query checking : enabled
1596 [main] DEBUG org.hibernate.cfg.SettingsFactory  - Check Nullability in Core (should be disabled when Bean Validation is on): enabled
1596 [main] DEBUG org.hibernate.cfg.SettingsFactory  - Allow initialization of lazy state outside session : : disabled
1596 [main] DEBUG org.hibernate.cfg.SettingsFactory  - JTA Track by Thread: enabled
1617 [main] DEBUG org.hibernate.internal.SessionFactoryImpl  - Building session factory
1642 [main] DEBUG org.hibernate.internal.SessionFactoryImpl  - Session factory constructed with filter configurations : {}
1643 [main] DEBUG org.hibernate.internal.SessionFactoryImpl  - Instantiating session factory with properties: {java.runtime.name=Java(TM) SE Runtime Environment, hibernate.connection.password=27406298, sun.boot.library.path=/usr/lib/jvm/java-8-oracle/jre/lib/amd64, java.vm.version=25.121-b13, hibernate.connection.username=postgres, java.vm.vendor=Oracle Corporation, java.vendor.url=http://java.oracle.com/, path.separator=:, java.vm.name=Java HotSpot(TM) 64-Bit Server VM, file.encoding.pkg=sun.io, user.country=US, sun.java.launcher=SUN_STANDARD, sun.os.patch.level=unknown, java.vm.specification.name=Java Virtual Machine Specification, user.dir=/home/sudheer/IndusTraining/IndusIDE/IndusTraining23PersistanceLogging, java.runtime.version=1.8.0_121-b13, java.awt.graphicsenv=sun.awt.X11GraphicsEnvironment, java.endorsed.dirs=/usr/lib/jvm/java-8-oracle/jre/lib/endorsed, os.arch=amd64, java.io.tmpdir=/tmp, line.separator=
, java.vm.specification.vendor=Oracle Corporation, os.name=Linux, sun.jnu.encoding=UTF-8, java.library.path=/usr/java/packages/lib/amd64:/usr/lib64:/lib64:/lib:/usr/lib, java.specification.name=Java Platform API Specification, java.class.version=52.0, hibernate.connection.pool_size=1, sun.management.compiler=HotSpot 64-Bit Tiered Compilers, os.version=4.4.0-72-generic, user.home=/home/sudheer, connection.password=27406298, user.timezone=, java.awt.printerjob=sun.print.PSPrinterJob, connection.username=postgres, java.specification.version=1.8, file.encoding=UTF-8, hibernate.connection.driver_class=org.postgresql.Driver, show_sql=true, java.class.path=/home/sudheer/IndusTraining/IndusIDE/IndusTraining23PersistanceLogging/target/test-classes:/home/sudheer/IndusTraining/IndusIDE/IndusTraining23PersistanceLogging/target/classes:/home/sudheer/Downloads/sts-bundle/sts-3.8.3.RELEASE/plugins/org.junit_4.12.0.v201504281640/junit.jar:/home/sudheer/Downloads/sts-bundle/sts-3.8.3.RELEASE/plugins/org.hamcrest.core_1.3.0.v201303031735.jar:/home/sudheer/.m2/repository/log4j/log4j/1.2.15/log4j-1.2.15.jar:/home/sudheer/.m2/repository/javax/mail/mail/1.4/mail-1.4.jar:/home/sudheer/.m2/repository/javax/activation/activation/1.1/activation-1.1.jar:/home/sudheer/.m2/repository/org/apache/commons/commons-dbcp2/2.1.1/commons-dbcp2-2.1.1.jar:/home/sudheer/.m2/repository/org/apache/commons/commons-pool2/2.4.2/commons-pool2-2.4.2.jar:/home/sudheer/.m2/repository/commons-logging/commons-logging/1.2/commons-logging-1.2.jar:/home/sudheer/.m2/repository/org/postgresql/postgresql/9.3-1102-jdbc41/postgresql-9.3-1102-jdbc41.jar:/home/sudheer/.m2/repository/org/hibernate/hibernate-core/4.3.11.Final/hibernate-core-4.3.11.Final.jar:/home/sudheer/.m2/repository/org/jboss/logging/jboss-logging/3.1.3.GA/jboss-logging-3.1.3.GA.jar:/home/sudheer/.m2/repository/org/jboss/logging/jboss-logging-annotations/1.2.0.Beta1/jboss-logging-annotations-1.2.0.Beta1.jar:/home/sudheer/.m2/repository/org/jboss/spec/javax/transaction/jboss-transaction-api_1.2_spec/1.0.0.Final/jboss-transaction-api_1.2_spec-1.0.0.Final.jar:/home/sudheer/.m2/repository/dom4j/dom4j/1.6.1/dom4j-1.6.1.jar:/home/sudheer/.m2/repository/xml-apis/xml-apis/1.0.b2/xml-apis-1.0.b2.jar:/home/sudheer/.m2/repository/org/hibernate/common/hibernate-commons-annotations/4.0.5.Final/hibernate-commons-annotations-4.0.5.Final.jar:/home/sudheer/.m2/repository/org/hibernate/javax/persistence/hibernate-jpa-2.1-api/1.0.0.Final/hibernate-jpa-2.1-api-1.0.0.Final.jar:/home/sudheer/.m2/repository/antlr/antlr/2.7.7/antlr-2.7.7.jar:/home/sudheer/.m2/repository/org/jboss/jandex/1.1.0.Final/jandex-1.1.0.Final.jar:/home/sudheer/.m2/repository/org/javassist/javassist/3.20.0-GA/javassist-3.20.0-GA.jar:/home/sudheer/.m2/repository/org/slf4j/slf4j-api/1.7.24/slf4j-api-1.7.24.jar:/home/sudheer/Downloads/sts-bundle/sts-3.8.3.RELEASE/configuration/org.eclipse.osgi/299/0/.cp/:/home/sudheer/Downloads/sts-bundle/sts-3.8.3.RELEASE/configuration/org.eclipse.osgi/298/0/.cp/, user.name=sudheer, hibernate.bytecode.use_reflection_optimizer=false, hibernate.show_sql=true, java.vm.specification.version=1.8, sun.arch.data.model=64, java.home=/usr/lib/jvm/java-8-oracle/jre, sun.java.command=org.eclipse.jdt.internal.junit.runner.RemoteTestRunner -version 3 -port 43750 -testLoaderClass org.eclipse.jdt.internal.junit4.runner.JUnit4TestLoader -loaderpluginname org.eclipse.jdt.junit4.runtime -classNames com.indus.training.test.TestEmployee, hibernate.connection.url=jdbc:postgresql://localhost:5432/mydb, hibernate.dialect=org.hibernate.dialect.PostgreSQL82Dialect, java.specification.vendor=Oracle Corporation, user.language=en, connection.pool_size=1, awt.toolkit=sun.awt.X11.XToolkit, java.vm.info=mixed mode, java.version=1.8.0_121, java.ext.dirs=/usr/lib/jvm/java-8-oracle/jre/lib/ext:/usr/java/packages/lib/ext, sun.boot.class.path=/usr/lib/jvm/java-8-oracle/jre/lib/resources.jar:/usr/lib/jvm/java-8-oracle/jre/lib/rt.jar:/usr/lib/jvm/java-8-oracle/jre/lib/sunrsasign.jar:/usr/lib/jvm/java-8-oracle/jre/lib/jsse.jar:/usr/lib/jvm/java-8-oracle/jre/lib/jce.jar:/usr/lib/jvm/java-8-oracle/jre/lib/charsets.jar:/usr/lib/jvm/java-8-oracle/jre/lib/jfr.jar:/usr/lib/jvm/java-8-oracle/jre/classes, java.vendor=Oracle Corporation, file.separator=/, connection.driver_class=org.postgresql.Driver, java.vendor.url.bug=http://bugreport.sun.com/bugreport/, sun.cpu.endian=little, sun.io.unicode.encoding=UnicodeLittle, sun.desktop=gnome, connection.url=jdbc:postgresql://localhost:5432/mydb, sun.cpu.isalist=, dialect=org.hibernate.dialect.PostgreSQL82Dialect}
1666 [main] DEBUG org.hibernate.secure.spi.JaccIntegrator  - Skipping JACC integration as it was not enabled
1668 [main] DEBUG org.hibernate.id.factory.internal.DefaultIdentifierGeneratorFactory  - Setting dialect [org.hibernate.dialect.PostgreSQL82Dialect]
1669 [main] DEBUG org.hibernate.id.factory.internal.DefaultIdentifierGeneratorFactory  - Setting dialect [org.hibernate.dialect.PostgreSQL82Dialect]
2001 [main] DEBUG org.hibernate.persister.entity.AbstractEntityPersister  - Static SQL for entity: com.indus.training.persist.entity.Department
2001 [main] DEBUG org.hibernate.persister.entity.AbstractEntityPersister  -  Version select: select DEPARTMENT_ID from DEPARTMENTS where DEPARTMENT_ID =?
2002 [main] DEBUG org.hibernate.persister.entity.AbstractEntityPersister  -  Snapshot select: select department_.DEPARTMENT_ID, department_.DEPARTMENT_NAME as DEPARTME2_0_, department_.MANAGER_ID as MANAGER_3_0_, department_.LOCATION_ID as LOCATION4_0_ from DEPARTMENTS department_ where department_.DEPARTMENT_ID=?
2002 [main] DEBUG org.hibernate.persister.entity.AbstractEntityPersister  -  Insert 0: insert into DEPARTMENTS (DEPARTMENT_NAME, MANAGER_ID, LOCATION_ID, DEPARTMENT_ID) values (?, ?, ?, ?)
2002 [main] DEBUG org.hibernate.persister.entity.AbstractEntityPersister  -  Update 0: update DEPARTMENTS set DEPARTMENT_NAME=?, MANAGER_ID=?, LOCATION_ID=? where DEPARTMENT_ID=?
2002 [main] DEBUG org.hibernate.persister.entity.AbstractEntityPersister  -  Delete 0: delete from DEPARTMENTS where DEPARTMENT_ID=?
2046 [main] DEBUG org.hibernate.loader.plan.build.internal.spaces.QuerySpacesImpl  - Adding QuerySpace : uid = <gen:0> -> org.hibernate.loader.plan.build.internal.spaces.EntityQuerySpaceImpl@4007f65e]
2048 [main] DEBUG org.hibernate.persister.walking.spi.MetamodelGraphWalker  - Visiting attribute path : departmentName
2048 [main] DEBUG org.hibernate.persister.walking.spi.MetamodelGraphWalker  - Visiting attribute path : managerId
2048 [main] DEBUG org.hibernate.persister.walking.spi.MetamodelGraphWalker  - Visiting attribute path : locationId
2049 [main] DEBUG org.hibernate.loader.plan.build.internal.FetchStyleLoadPlanBuildingAssociationVisitationStrategy  - Building LoadPlan...
2075 [main] DEBUG org.hibernate.loader.plan.exec.internal.LoadQueryJoinAndFetchProcessor  - processing queryspace <gen:0>
2084 [main] DEBUG org.hibernate.loader.plan.build.spi.LoadPlanTreePrinter  - LoadPlan(entity=com.indus.training.persist.entity.Department)
    - Returns
       - EntityReturnImpl(entity=com.indus.training.persist.entity.Department, querySpaceUid=<gen:0>, path=com.indus.training.persist.entity.Department)
    - QuerySpaces
       - EntityQuerySpaceImpl(uid=<gen:0>, entity=com.indus.training.persist.entity.Department)
          - SQL table alias mapping - department0_
          - alias suffix - 0_
          - suffixed key columns - {DEPARTME1_0_0_}

2087 [main] DEBUG org.hibernate.loader.entity.plan.EntityLoader  - Static select for entity com.indus.training.persist.entity.Department [NONE]: select department0_.DEPARTMENT_ID as DEPARTME1_0_0_, department0_.DEPARTMENT_NAME as DEPARTME2_0_0_, department0_.MANAGER_ID as MANAGER_3_0_0_, department0_.LOCATION_ID as LOCATION4_0_0_ from DEPARTMENTS department0_ where department0_.DEPARTMENT_ID=?
2087 [main] DEBUG org.hibernate.loader.plan.build.internal.spaces.QuerySpacesImpl  - Adding QuerySpace : uid = <gen:0> -> org.hibernate.loader.plan.build.internal.spaces.EntityQuerySpaceImpl@5340477f]
2087 [main] DEBUG org.hibernate.persister.walking.spi.MetamodelGraphWalker  - Visiting attribute path : departmentName
2087 [main] DEBUG org.hibernate.persister.walking.spi.MetamodelGraphWalker  - Visiting attribute path : managerId
2087 [main] DEBUG org.hibernate.persister.walking.spi.MetamodelGraphWalker  - Visiting attribute path : locationId
2088 [main] DEBUG org.hibernate.loader.plan.build.internal.FetchStyleLoadPlanBuildingAssociationVisitationStrategy  - Building LoadPlan...
2088 [main] DEBUG org.hibernate.loader.plan.exec.internal.LoadQueryJoinAndFetchProcessor  - processing queryspace <gen:0>
2088 [main] DEBUG org.hibernate.loader.plan.build.spi.LoadPlanTreePrinter  - LoadPlan(entity=com.indus.training.persist.entity.Department)
    - Returns
       - EntityReturnImpl(entity=com.indus.training.persist.entity.Department, querySpaceUid=<gen:0>, path=com.indus.training.persist.entity.Department)
    - QuerySpaces
       - EntityQuerySpaceImpl(uid=<gen:0>, entity=com.indus.training.persist.entity.Department)
          - SQL table alias mapping - department0_
          - alias suffix - 0_
          - suffixed key columns - {DEPARTME1_0_0_}

2088 [main] DEBUG org.hibernate.loader.entity.plan.EntityLoader  - Static select for entity com.indus.training.persist.entity.Department [READ]: select department0_.DEPARTMENT_ID as DEPARTME1_0_0_, department0_.DEPARTMENT_NAME as DEPARTME2_0_0_, department0_.MANAGER_ID as MANAGER_3_0_0_, department0_.LOCATION_ID as LOCATION4_0_0_ from DEPARTMENTS department0_ where department0_.DEPARTMENT_ID=?
2088 [main] DEBUG org.hibernate.loader.plan.build.internal.spaces.QuerySpacesImpl  - Adding QuerySpace : uid = <gen:0> -> org.hibernate.loader.plan.build.internal.spaces.EntityQuerySpaceImpl@7139992f]
2088 [main] DEBUG org.hibernate.persister.walking.spi.MetamodelGraphWalker  - Visiting attribute path : departmentName
2088 [main] DEBUG org.hibernate.persister.walking.spi.MetamodelGraphWalker  - Visiting attribute path : managerId
2088 [main] DEBUG org.hibernate.persister.walking.spi.MetamodelGraphWalker  - Visiting attribute path : locationId
2088 [main] DEBUG org.hibernate.loader.plan.build.internal.FetchStyleLoadPlanBuildingAssociationVisitationStrategy  - Building LoadPlan...
2089 [main] DEBUG org.hibernate.loader.plan.exec.internal.LoadQueryJoinAndFetchProcessor  - processing queryspace <gen:0>
2089 [main] DEBUG org.hibernate.loader.plan.build.spi.LoadPlanTreePrinter  - LoadPlan(entity=com.indus.training.persist.entity.Department)
    - Returns
       - EntityReturnImpl(entity=com.indus.training.persist.entity.Department, querySpaceUid=<gen:0>, path=com.indus.training.persist.entity.Department)
    - QuerySpaces
       - EntityQuerySpaceImpl(uid=<gen:0>, entity=com.indus.training.persist.entity.Department)
          - SQL table alias mapping - department0_
          - alias suffix - 0_
          - suffixed key columns - {DEPARTME1_0_0_}

2089 [main] DEBUG org.hibernate.loader.entity.plan.EntityLoader  - Static select for entity com.indus.training.persist.entity.Department [UPGRADE]: select department0_.DEPARTMENT_ID as DEPARTME1_0_0_, department0_.DEPARTMENT_NAME as DEPARTME2_0_0_, department0_.MANAGER_ID as MANAGER_3_0_0_, department0_.LOCATION_ID as LOCATION4_0_0_ from DEPARTMENTS department0_ where department0_.DEPARTMENT_ID=? for update
2089 [main] DEBUG org.hibernate.loader.plan.build.internal.spaces.QuerySpacesImpl  - Adding QuerySpace : uid = <gen:0> -> org.hibernate.loader.plan.build.internal.spaces.EntityQuerySpaceImpl@387a8303]
2089 [main] DEBUG org.hibernate.persister.walking.spi.MetamodelGraphWalker  - Visiting attribute path : departmentName
2090 [main] DEBUG org.hibernate.persister.walking.spi.MetamodelGraphWalker  - Visiting attribute path : managerId
2090 [main] DEBUG org.hibernate.persister.walking.spi.MetamodelGraphWalker  - Visiting attribute path : locationId
2090 [main] DEBUG org.hibernate.loader.plan.build.internal.FetchStyleLoadPlanBuildingAssociationVisitationStrategy  - Building LoadPlan...
2090 [main] DEBUG org.hibernate.loader.plan.exec.internal.LoadQueryJoinAndFetchProcessor  - processing queryspace <gen:0>
2090 [main] DEBUG org.hibernate.loader.plan.build.spi.LoadPlanTreePrinter  - LoadPlan(entity=com.indus.training.persist.entity.Department)
    - Returns
       - EntityReturnImpl(entity=com.indus.training.persist.entity.Department, querySpaceUid=<gen:0>, path=com.indus.training.persist.entity.Department)
    - QuerySpaces
       - EntityQuerySpaceImpl(uid=<gen:0>, entity=com.indus.training.persist.entity.Department)
          - SQL table alias mapping - department0_
          - alias suffix - 0_
          - suffixed key columns - {DEPARTME1_0_0_}

2091 [main] DEBUG org.hibernate.loader.entity.plan.EntityLoader  - Static select for entity com.indus.training.persist.entity.Department [UPGRADE_NOWAIT]: select department0_.DEPARTMENT_ID as DEPARTME1_0_0_, department0_.DEPARTMENT_NAME as DEPARTME2_0_0_, department0_.MANAGER_ID as MANAGER_3_0_0_, department0_.LOCATION_ID as LOCATION4_0_0_ from DEPARTMENTS department0_ where department0_.DEPARTMENT_ID=? for update nowait 
2091 [main] DEBUG org.hibernate.loader.plan.build.internal.spaces.QuerySpacesImpl  - Adding QuerySpace : uid = <gen:0> -> org.hibernate.loader.plan.build.internal.spaces.EntityQuerySpaceImpl@1500b2f3]
2091 [main] DEBUG org.hibernate.persister.walking.spi.MetamodelGraphWalker  - Visiting attribute path : departmentName
2091 [main] DEBUG org.hibernate.persister.walking.spi.MetamodelGraphWalker  - Visiting attribute path : managerId
2091 [main] DEBUG org.hibernate.persister.walking.spi.MetamodelGraphWalker  - Visiting attribute path : locationId
2091 [main] DEBUG org.hibernate.loader.plan.build.internal.FetchStyleLoadPlanBuildingAssociationVisitationStrategy  - Building LoadPlan...
2091 [main] DEBUG org.hibernate.loader.plan.exec.internal.LoadQueryJoinAndFetchProcessor  - processing queryspace <gen:0>
2091 [main] DEBUG org.hibernate.loader.plan.build.spi.LoadPlanTreePrinter  - LoadPlan(entity=com.indus.training.persist.entity.Department)
    - Returns
       - EntityReturnImpl(entity=com.indus.training.persist.entity.Department, querySpaceUid=<gen:0>, path=com.indus.training.persist.entity.Department)
    - QuerySpaces
       - EntityQuerySpaceImpl(uid=<gen:0>, entity=com.indus.training.persist.entity.Department)
          - SQL table alias mapping - department0_
          - alias suffix - 0_
          - suffixed key columns - {DEPARTME1_0_0_}

2091 [main] DEBUG org.hibernate.loader.entity.plan.EntityLoader  - Static select for entity com.indus.training.persist.entity.Department [UPGRADE_SKIPLOCKED]: select department0_.DEPARTMENT_ID as DEPARTME1_0_0_, department0_.DEPARTMENT_NAME as DEPARTME2_0_0_, department0_.MANAGER_ID as MANAGER_3_0_0_, department0_.LOCATION_ID as LOCATION4_0_0_ from DEPARTMENTS department0_ where department0_.DEPARTMENT_ID=? for update
2092 [main] DEBUG org.hibernate.loader.plan.build.internal.spaces.QuerySpacesImpl  - Adding QuerySpace : uid = <gen:0> -> org.hibernate.loader.plan.build.internal.spaces.EntityQuerySpaceImpl@126253fd]
2092 [main] DEBUG org.hibernate.persister.walking.spi.MetamodelGraphWalker  - Visiting attribute path : departmentName
2092 [main] DEBUG org.hibernate.persister.walking.spi.MetamodelGraphWalker  - Visiting attribute path : managerId
2092 [main] DEBUG org.hibernate.persister.walking.spi.MetamodelGraphWalker  - Visiting attribute path : locationId
2092 [main] DEBUG org.hibernate.loader.plan.build.internal.FetchStyleLoadPlanBuildingAssociationVisitationStrategy  - Building LoadPlan...
2092 [main] DEBUG org.hibernate.loader.plan.exec.internal.LoadQueryJoinAndFetchProcessor  - processing queryspace <gen:0>
2092 [main] DEBUG org.hibernate.loader.plan.build.spi.LoadPlanTreePrinter  - LoadPlan(entity=com.indus.training.persist.entity.Department)
    - Returns
       - EntityReturnImpl(entity=com.indus.training.persist.entity.Department, querySpaceUid=<gen:0>, path=com.indus.training.persist.entity.Department)
    - QuerySpaces
       - EntityQuerySpaceImpl(uid=<gen:0>, entity=com.indus.training.persist.entity.Department)
          - SQL table alias mapping - department0_
          - alias suffix - 0_
          - suffixed key columns - {DEPARTME1_0_0_}

2092 [main] DEBUG org.hibernate.loader.entity.plan.EntityLoader  - Static select for entity com.indus.training.persist.entity.Department [FORCE]: select department0_.DEPARTMENT_ID as DEPARTME1_0_0_, department0_.DEPARTMENT_NAME as DEPARTME2_0_0_, department0_.MANAGER_ID as MANAGER_3_0_0_, department0_.LOCATION_ID as LOCATION4_0_0_ from DEPARTMENTS department0_ where department0_.DEPARTMENT_ID=? for update nowait 
2092 [main] DEBUG org.hibernate.loader.plan.build.internal.spaces.QuerySpacesImpl  - Adding QuerySpace : uid = <gen:0> -> org.hibernate.loader.plan.build.internal.spaces.EntityQuerySpaceImpl@475c9c31]
2093 [main] DEBUG org.hibernate.persister.walking.spi.MetamodelGraphWalker  - Visiting attribute path : departmentName
2093 [main] DEBUG org.hibernate.persister.walking.spi.MetamodelGraphWalker  - Visiting attribute path : managerId
2093 [main] DEBUG org.hibernate.persister.walking.spi.MetamodelGraphWalker  - Visiting attribute path : locationId
2093 [main] DEBUG org.hibernate.loader.plan.build.internal.FetchStyleLoadPlanBuildingAssociationVisitationStrategy  - Building LoadPlan...
2093 [main] DEBUG org.hibernate.loader.plan.exec.internal.LoadQueryJoinAndFetchProcessor  - processing queryspace <gen:0>
2093 [main] DEBUG org.hibernate.loader.plan.build.spi.LoadPlanTreePrinter  - LoadPlan(entity=com.indus.training.persist.entity.Department)
    - Returns
       - EntityReturnImpl(entity=com.indus.training.persist.entity.Department, querySpaceUid=<gen:0>, path=com.indus.training.persist.entity.Department)
    - QuerySpaces
       - EntityQuerySpaceImpl(uid=<gen:0>, entity=com.indus.training.persist.entity.Department)
          - SQL table alias mapping - department0_
          - alias suffix - 0_
          - suffixed key columns - {DEPARTME1_0_0_}

2093 [main] DEBUG org.hibernate.loader.entity.plan.EntityLoader  - Static select for entity com.indus.training.persist.entity.Department [PESSIMISTIC_READ]: select department0_.DEPARTMENT_ID as DEPARTME1_0_0_, department0_.DEPARTMENT_NAME as DEPARTME2_0_0_, department0_.MANAGER_ID as MANAGER_3_0_0_, department0_.LOCATION_ID as LOCATION4_0_0_ from DEPARTMENTS department0_ where department0_.DEPARTMENT_ID=? for share
2093 [main] DEBUG org.hibernate.loader.plan.build.internal.spaces.QuerySpacesImpl  - Adding QuerySpace : uid = <gen:0> -> org.hibernate.loader.plan.build.internal.spaces.EntityQuerySpaceImpl@5c7bfdc1]
2093 [main] DEBUG org.hibernate.persister.walking.spi.MetamodelGraphWalker  - Visiting attribute path : departmentName
2093 [main] DEBUG org.hibernate.persister.walking.spi.MetamodelGraphWalker  - Visiting attribute path : managerId
2094 [main] DEBUG org.hibernate.persister.walking.spi.MetamodelGraphWalker  - Visiting attribute path : locationId
2094 [main] DEBUG org.hibernate.loader.plan.build.internal.FetchStyleLoadPlanBuildingAssociationVisitationStrategy  - Building LoadPlan...
2094 [main] DEBUG org.hibernate.loader.plan.exec.internal.LoadQueryJoinAndFetchProcessor  - processing queryspace <gen:0>
2094 [main] DEBUG org.hibernate.loader.plan.build.spi.LoadPlanTreePrinter  - LoadPlan(entity=com.indus.training.persist.entity.Department)
    - Returns
       - EntityReturnImpl(entity=com.indus.training.persist.entity.Department, querySpaceUid=<gen:0>, path=com.indus.training.persist.entity.Department)
    - QuerySpaces
       - EntityQuerySpaceImpl(uid=<gen:0>, entity=com.indus.training.persist.entity.Department)
          - SQL table alias mapping - department0_
          - alias suffix - 0_
          - suffixed key columns - {DEPARTME1_0_0_}

2094 [main] DEBUG org.hibernate.loader.entity.plan.EntityLoader  - Static select for entity com.indus.training.persist.entity.Department [PESSIMISTIC_WRITE]: select department0_.DEPARTMENT_ID as DEPARTME1_0_0_, department0_.DEPARTMENT_NAME as DEPARTME2_0_0_, department0_.MANAGER_ID as MANAGER_3_0_0_, department0_.LOCATION_ID as LOCATION4_0_0_ from DEPARTMENTS department0_ where department0_.DEPARTMENT_ID=? for update
2094 [main] DEBUG org.hibernate.loader.plan.build.internal.spaces.QuerySpacesImpl  - Adding QuerySpace : uid = <gen:0> -> org.hibernate.loader.plan.build.internal.spaces.EntityQuerySpaceImpl@71687585]
2094 [main] DEBUG org.hibernate.persister.walking.spi.MetamodelGraphWalker  - Visiting attribute path : departmentName
2094 [main] DEBUG org.hibernate.persister.walking.spi.MetamodelGraphWalker  - Visiting attribute path : managerId
2094 [main] DEBUG org.hibernate.persister.walking.spi.MetamodelGraphWalker  - Visiting attribute path : locationId
2094 [main] DEBUG org.hibernate.loader.plan.build.internal.FetchStyleLoadPlanBuildingAssociationVisitationStrategy  - Building LoadPlan...
2094 [main] DEBUG org.hibernate.loader.plan.exec.internal.LoadQueryJoinAndFetchProcessor  - processing queryspace <gen:0>
2095 [main] DEBUG org.hibernate.loader.plan.build.spi.LoadPlanTreePrinter  - LoadPlan(entity=com.indus.training.persist.entity.Department)
    - Returns
       - EntityReturnImpl(entity=com.indus.training.persist.entity.Department, querySpaceUid=<gen:0>, path=com.indus.training.persist.entity.Department)
    - QuerySpaces
       - EntityQuerySpaceImpl(uid=<gen:0>, entity=com.indus.training.persist.entity.Department)
          - SQL table alias mapping - department0_
          - alias suffix - 0_
          - suffixed key columns - {DEPARTME1_0_0_}

2095 [main] DEBUG org.hibernate.loader.entity.plan.EntityLoader  - Static select for entity com.indus.training.persist.entity.Department [PESSIMISTIC_FORCE_INCREMENT]: select department0_.DEPARTMENT_ID as DEPARTME1_0_0_, department0_.DEPARTMENT_NAME as DEPARTME2_0_0_, department0_.MANAGER_ID as MANAGER_3_0_0_, department0_.LOCATION_ID as LOCATION4_0_0_ from DEPARTMENTS department0_ where department0_.DEPARTMENT_ID=? for update nowait 
2095 [main] DEBUG org.hibernate.loader.plan.build.internal.spaces.QuerySpacesImpl  - Adding QuerySpace : uid = <gen:0> -> org.hibernate.loader.plan.build.internal.spaces.EntityQuerySpaceImpl@1b919693]
2095 [main] DEBUG org.hibernate.persister.walking.spi.MetamodelGraphWalker  - Visiting attribute path : departmentName
2095 [main] DEBUG org.hibernate.persister.walking.spi.MetamodelGraphWalker  - Visiting attribute path : managerId
2095 [main] DEBUG org.hibernate.persister.walking.spi.MetamodelGraphWalker  - Visiting attribute path : locationId
2095 [main] DEBUG org.hibernate.loader.plan.build.internal.FetchStyleLoadPlanBuildingAssociationVisitationStrategy  - Building LoadPlan...
2095 [main] DEBUG org.hibernate.loader.plan.exec.internal.LoadQueryJoinAndFetchProcessor  - processing queryspace <gen:0>
2095 [main] DEBUG org.hibernate.loader.plan.build.spi.LoadPlanTreePrinter  - LoadPlan(entity=com.indus.training.persist.entity.Department)
    - Returns
       - EntityReturnImpl(entity=com.indus.training.persist.entity.Department, querySpaceUid=<gen:0>, path=com.indus.training.persist.entity.Department)
    - QuerySpaces
       - EntityQuerySpaceImpl(uid=<gen:0>, entity=com.indus.training.persist.entity.Department)
          - SQL table alias mapping - department0_
          - alias suffix - 0_
          - suffixed key columns - {DEPARTME1_0_0_}

2095 [main] DEBUG org.hibernate.loader.entity.plan.EntityLoader  - Static select for entity com.indus.training.persist.entity.Department [OPTIMISTIC]: select department0_.DEPARTMENT_ID as DEPARTME1_0_0_, department0_.DEPARTMENT_NAME as DEPARTME2_0_0_, department0_.MANAGER_ID as MANAGER_3_0_0_, department0_.LOCATION_ID as LOCATION4_0_0_ from DEPARTMENTS department0_ where department0_.DEPARTMENT_ID=?
2096 [main] DEBUG org.hibernate.loader.plan.build.internal.spaces.QuerySpacesImpl  - Adding QuerySpace : uid = <gen:0> -> org.hibernate.loader.plan.build.internal.spaces.EntityQuerySpaceImpl@4dc27487]
2096 [main] DEBUG org.hibernate.persister.walking.spi.MetamodelGraphWalker  - Visiting attribute path : departmentName
2096 [main] DEBUG org.hibernate.persister.walking.spi.MetamodelGraphWalker  - Visiting attribute path : managerId
2096 [main] DEBUG org.hibernate.persister.walking.spi.MetamodelGraphWalker  - Visiting attribute path : locationId
2096 [main] DEBUG org.hibernate.loader.plan.build.internal.FetchStyleLoadPlanBuildingAssociationVisitationStrategy  - Building LoadPlan...
2096 [main] DEBUG org.hibernate.loader.plan.exec.internal.LoadQueryJoinAndFetchProcessor  - processing queryspace <gen:0>
2096 [main] DEBUG org.hibernate.loader.plan.build.spi.LoadPlanTreePrinter  - LoadPlan(entity=com.indus.training.persist.entity.Department)
    - Returns
       - EntityReturnImpl(entity=com.indus.training.persist.entity.Department, querySpaceUid=<gen:0>, path=com.indus.training.persist.entity.Department)
    - QuerySpaces
       - EntityQuerySpaceImpl(uid=<gen:0>, entity=com.indus.training.persist.entity.Department)
          - SQL table alias mapping - department0_
          - alias suffix - 0_
          - suffixed key columns - {DEPARTME1_0_0_}

2096 [main] DEBUG org.hibernate.loader.entity.plan.EntityLoader  - Static select for entity com.indus.training.persist.entity.Department [OPTIMISTIC_FORCE_INCREMENT]: select department0_.DEPARTMENT_ID as DEPARTME1_0_0_, department0_.DEPARTMENT_NAME as DEPARTME2_0_0_, department0_.MANAGER_ID as MANAGER_3_0_0_, department0_.LOCATION_ID as LOCATION4_0_0_ from DEPARTMENTS department0_ where department0_.DEPARTMENT_ID=?
2127 [main] DEBUG org.hibernate.loader.Loader  - Static select for action ACTION_MERGE on entity com.indus.training.persist.entity.Department: select department0_.DEPARTMENT_ID as DEPARTME1_0_0_, department0_.DEPARTMENT_NAME as DEPARTME2_0_0_, department0_.MANAGER_ID as MANAGER_3_0_0_, department0_.LOCATION_ID as LOCATION4_0_0_ from DEPARTMENTS department0_ where department0_.DEPARTMENT_ID=?
2128 [main] DEBUG org.hibernate.loader.Loader  - Static select for action ACTION_REFRESH on entity com.indus.training.persist.entity.Department: select department0_.DEPARTMENT_ID as DEPARTME1_0_0_, department0_.DEPARTMENT_NAME as DEPARTME2_0_0_, department0_.MANAGER_ID as MANAGER_3_0_0_, department0_.LOCATION_ID as LOCATION4_0_0_ from DEPARTMENTS department0_ where department0_.DEPARTMENT_ID=?
2129 [main] DEBUG org.hibernate.persister.entity.AbstractEntityPersister  - Static SQL for entity: com.indus.training.persist.entity.Employee
2129 [main] DEBUG org.hibernate.persister.entity.AbstractEntityPersister  -  Version select: select EMPLOYEE_ID from EMPLOYEES where EMPLOYEE_ID =?
2129 [main] DEBUG org.hibernate.persister.entity.AbstractEntityPersister  -  Snapshot select: select employee_.EMPLOYEE_ID, employee_.FIRST_NAME as FIRST_NA2_1_, employee_.LAST_NAME as LAST_NAM3_1_, employee_.EMAIL as EMAIL4_1_, employee_.PHONE_NUMBER as PHONE_NU5_1_, employee_.HIRE_DATE as HIRE_DAT6_1_, employee_.JOB_ID as JOB_ID7_1_, employee_.SALARY as SALARY8_1_, employee_.COMMISSION_PCT as COMMISSI9_1_, employee_.MANAGER_ID as MANAGER10_1_, employee_.DEPARTMENT_ID as DEPARTM11_1_ from EMPLOYEES employee_ where employee_.EMPLOYEE_ID=?
2129 [main] DEBUG org.hibernate.persister.entity.AbstractEntityPersister  -  Insert 0: insert into EMPLOYEES (FIRST_NAME, LAST_NAME, EMAIL, PHONE_NUMBER, HIRE_DATE, JOB_ID, SALARY, COMMISSION_PCT, MANAGER_ID, DEPARTMENT_ID, EMPLOYEE_ID) values (?, ?, ?, ?, ?, ?, ?, ?, ?, ?, ?)
2129 [main] DEBUG org.hibernate.persister.entity.AbstractEntityPersister  -  Update 0: update EMPLOYEES set FIRST_NAME=?, LAST_NAME=?, EMAIL=?, PHONE_NUMBER=?, HIRE_DATE=?, JOB_ID=?, SALARY=?, COMMISSION_PCT=?, MANAGER_ID=?, DEPARTMENT_ID=? where EMPLOYEE_ID=?
2129 [main] DEBUG org.hibernate.persister.entity.AbstractEntityPersister  -  Delete 0: delete from EMPLOYEES where EMPLOYEE_ID=?
2129 [main] DEBUG org.hibernate.loader.plan.build.internal.spaces.QuerySpacesImpl  - Adding QuerySpace : uid = <gen:0> -> org.hibernate.loader.plan.build.internal.spaces.EntityQuerySpaceImpl@565f390]
2129 [main] DEBUG org.hibernate.persister.walking.spi.MetamodelGraphWalker  - Visiting attribute path : firstName
2129 [main] DEBUG org.hibernate.persister.walking.spi.MetamodelGraphWalker  - Visiting attribute path : lastName
2129 [main] DEBUG org.hibernate.persister.walking.spi.MetamodelGraphWalker  - Visiting attribute path : email
2129 [main] DEBUG org.hibernate.persister.walking.spi.MetamodelGraphWalker  - Visiting attribute path : phoneNumber
2129 [main] DEBUG org.hibernate.persister.walking.spi.MetamodelGraphWalker  - Visiting attribute path : hireDate
2129 [main] DEBUG org.hibernate.persister.walking.spi.MetamodelGraphWalker  - Visiting attribute path : jobID
2129 [main] DEBUG org.hibernate.persister.walking.spi.MetamodelGraphWalker  - Visiting attribute path : salary
2129 [main] DEBUG org.hibernate.persister.walking.spi.MetamodelGraphWalker  - Visiting attribute path : commissionPct
2129 [main] DEBUG org.hibernate.persister.walking.spi.MetamodelGraphWalker  - Visiting attribute path : managerId
2129 [main] DEBUG org.hibernate.persister.walking.spi.MetamodelGraphWalker  - Visiting attribute path : departmentId
2129 [main] DEBUG org.hibernate.loader.plan.build.internal.FetchStyleLoadPlanBuildingAssociationVisitationStrategy  - Building LoadPlan...
2130 [main] DEBUG org.hibernate.loader.plan.exec.internal.LoadQueryJoinAndFetchProcessor  - processing queryspace <gen:0>
2130 [main] DEBUG org.hibernate.loader.plan.build.spi.LoadPlanTreePrinter  - LoadPlan(entity=com.indus.training.persist.entity.Employee)
    - Returns
       - EntityReturnImpl(entity=com.indus.training.persist.entity.Employee, querySpaceUid=<gen:0>, path=com.indus.training.persist.entity.Employee)
    - QuerySpaces
       - EntityQuerySpaceImpl(uid=<gen:0>, entity=com.indus.training.persist.entity.Employee)
          - SQL table alias mapping - employee0_
          - alias suffix - 0_
          - suffixed key columns - {EMPLOYEE1_1_0_}

2130 [main] DEBUG org.hibernate.loader.entity.plan.EntityLoader  - Static select for entity com.indus.training.persist.entity.Employee [NONE]: select employee0_.EMPLOYEE_ID as EMPLOYEE1_1_0_, employee0_.FIRST_NAME as FIRST_NA2_1_0_, employee0_.LAST_NAME as LAST_NAM3_1_0_, employee0_.EMAIL as EMAIL4_1_0_, employee0_.PHONE_NUMBER as PHONE_NU5_1_0_, employee0_.HIRE_DATE as HIRE_DAT6_1_0_, employee0_.JOB_ID as JOB_ID7_1_0_, employee0_.SALARY as SALARY8_1_0_, employee0_.COMMISSION_PCT as COMMISSI9_1_0_, employee0_.MANAGER_ID as MANAGER10_1_0_, employee0_.DEPARTMENT_ID as DEPARTM11_1_0_ from EMPLOYEES employee0_ where employee0_.EMPLOYEE_ID=?
2130 [main] DEBUG org.hibernate.loader.plan.build.internal.spaces.QuerySpacesImpl  - Adding QuerySpace : uid = <gen:0> -> org.hibernate.loader.plan.build.internal.spaces.EntityQuerySpaceImpl@2f67a4d3]
2130 [main] DEBUG org.hibernate.persister.walking.spi.MetamodelGraphWalker  - Visiting attribute path : firstName
2130 [main] DEBUG org.hibernate.persister.walking.spi.MetamodelGraphWalker  - Visiting attribute path : lastName
2130 [main] DEBUG org.hibernate.persister.walking.spi.MetamodelGraphWalker  - Visiting attribute path : email
2130 [main] DEBUG org.hibernate.persister.walking.spi.MetamodelGraphWalker  - Visiting attribute path : phoneNumber
2130 [main] DEBUG org.hibernate.persister.walking.spi.MetamodelGraphWalker  - Visiting attribute path : hireDate
2130 [main] DEBUG org.hibernate.persister.walking.spi.MetamodelGraphWalker  - Visiting attribute path : jobID
2130 [main] DEBUG org.hibernate.persister.walking.spi.MetamodelGraphWalker  - Visiting attribute path : salary
2130 [main] DEBUG org.hibernate.persister.walking.spi.MetamodelGraphWalker  - Visiting attribute path : commissionPct
2130 [main] DEBUG org.hibernate.persister.walking.spi.MetamodelGraphWalker  - Visiting attribute path : managerId
2130 [main] DEBUG org.hibernate.persister.walking.spi.MetamodelGraphWalker  - Visiting attribute path : departmentId
2130 [main] DEBUG org.hibernate.loader.plan.build.internal.FetchStyleLoadPlanBuildingAssociationVisitationStrategy  - Building LoadPlan...
2130 [main] DEBUG org.hibernate.loader.plan.exec.internal.LoadQueryJoinAndFetchProcessor  - processing queryspace <gen:0>
2131 [main] DEBUG org.hibernate.loader.plan.build.spi.LoadPlanTreePrinter  - LoadPlan(entity=com.indus.training.persist.entity.Employee)
    - Returns
       - EntityReturnImpl(entity=com.indus.training.persist.entity.Employee, querySpaceUid=<gen:0>, path=com.indus.training.persist.entity.Employee)
    - QuerySpaces
       - EntityQuerySpaceImpl(uid=<gen:0>, entity=com.indus.training.persist.entity.Employee)
          - SQL table alias mapping - employee0_
          - alias suffix - 0_
          - suffixed key columns - {EMPLOYEE1_1_0_}

2131 [main] DEBUG org.hibernate.loader.entity.plan.EntityLoader  - Static select for entity com.indus.training.persist.entity.Employee [READ]: select employee0_.EMPLOYEE_ID as EMPLOYEE1_1_0_, employee0_.FIRST_NAME as FIRST_NA2_1_0_, employee0_.LAST_NAME as LAST_NAM3_1_0_, employee0_.EMAIL as EMAIL4_1_0_, employee0_.PHONE_NUMBER as PHONE_NU5_1_0_, employee0_.HIRE_DATE as HIRE_DAT6_1_0_, employee0_.JOB_ID as JOB_ID7_1_0_, employee0_.SALARY as SALARY8_1_0_, employee0_.COMMISSION_PCT as COMMISSI9_1_0_, employee0_.MANAGER_ID as MANAGER10_1_0_, employee0_.DEPARTMENT_ID as DEPARTM11_1_0_ from EMPLOYEES employee0_ where employee0_.EMPLOYEE_ID=?
2131 [main] DEBUG org.hibernate.loader.plan.build.internal.spaces.QuerySpacesImpl  - Adding QuerySpace : uid = <gen:0> -> org.hibernate.loader.plan.build.internal.spaces.EntityQuerySpaceImpl@2fb0623e]
2131 [main] DEBUG org.hibernate.persister.walking.spi.MetamodelGraphWalker  - Visiting attribute path : firstName
2131 [main] DEBUG org.hibernate.persister.walking.spi.MetamodelGraphWalker  - Visiting attribute path : lastName
2131 [main] DEBUG org.hibernate.persister.walking.spi.MetamodelGraphWalker  - Visiting attribute path : email
2131 [main] DEBUG org.hibernate.persister.walking.spi.MetamodelGraphWalker  - Visiting attribute path : phoneNumber
2131 [main] DEBUG org.hibernate.persister.walking.spi.MetamodelGraphWalker  - Visiting attribute path : hireDate
2131 [main] DEBUG org.hibernate.persister.walking.spi.MetamodelGraphWalker  - Visiting attribute path : jobID
2131 [main] DEBUG org.hibernate.persister.walking.spi.MetamodelGraphWalker  - Visiting attribute path : salary
2131 [main] DEBUG org.hibernate.persister.walking.spi.MetamodelGraphWalker  - Visiting attribute path : commissionPct
2131 [main] DEBUG org.hibernate.persister.walking.spi.MetamodelGraphWalker  - Visiting attribute path : managerId
2131 [main] DEBUG org.hibernate.persister.walking.spi.MetamodelGraphWalker  - Visiting attribute path : departmentId
2132 [main] DEBUG org.hibernate.loader.plan.build.internal.FetchStyleLoadPlanBuildingAssociationVisitationStrategy  - Building LoadPlan...
2132 [main] DEBUG org.hibernate.loader.plan.exec.internal.LoadQueryJoinAndFetchProcessor  - processing queryspace <gen:0>
2132 [main] DEBUG org.hibernate.loader.plan.build.spi.LoadPlanTreePrinter  - LoadPlan(entity=com.indus.training.persist.entity.Employee)
    - Returns
       - EntityReturnImpl(entity=com.indus.training.persist.entity.Employee, querySpaceUid=<gen:0>, path=com.indus.training.persist.entity.Employee)
    - QuerySpaces
       - EntityQuerySpaceImpl(uid=<gen:0>, entity=com.indus.training.persist.entity.Employee)
          - SQL table alias mapping - employee0_
          - alias suffix - 0_
          - suffixed key columns - {EMPLOYEE1_1_0_}

2132 [main] DEBUG org.hibernate.loader.entity.plan.EntityLoader  - Static select for entity com.indus.training.persist.entity.Employee [UPGRADE]: select employee0_.EMPLOYEE_ID as EMPLOYEE1_1_0_, employee0_.FIRST_NAME as FIRST_NA2_1_0_, employee0_.LAST_NAME as LAST_NAM3_1_0_, employee0_.EMAIL as EMAIL4_1_0_, employee0_.PHONE_NUMBER as PHONE_NU5_1_0_, employee0_.HIRE_DATE as HIRE_DAT6_1_0_, employee0_.JOB_ID as JOB_ID7_1_0_, employee0_.SALARY as SALARY8_1_0_, employee0_.COMMISSION_PCT as COMMISSI9_1_0_, employee0_.MANAGER_ID as MANAGER10_1_0_, employee0_.DEPARTMENT_ID as DEPARTM11_1_0_ from EMPLOYEES employee0_ where employee0_.EMPLOYEE_ID=? for update
2133 [main] DEBUG org.hibernate.loader.plan.build.internal.spaces.QuerySpacesImpl  - Adding QuerySpace : uid = <gen:0> -> org.hibernate.loader.plan.build.internal.spaces.EntityQuerySpaceImpl@5be1d0a4]
2133 [main] DEBUG org.hibernate.persister.walking.spi.MetamodelGraphWalker  - Visiting attribute path : firstName
2133 [main] DEBUG org.hibernate.persister.walking.spi.MetamodelGraphWalker  - Visiting attribute path : lastName
2133 [main] DEBUG org.hibernate.persister.walking.spi.MetamodelGraphWalker  - Visiting attribute path : email
2133 [main] DEBUG org.hibernate.persister.walking.spi.MetamodelGraphWalker  - Visiting attribute path : phoneNumber
2133 [main] DEBUG org.hibernate.persister.walking.spi.MetamodelGraphWalker  - Visiting attribute path : hireDate
2133 [main] DEBUG org.hibernate.persister.walking.spi.MetamodelGraphWalker  - Visiting attribute path : jobID
2133 [main] DEBUG org.hibernate.persister.walking.spi.MetamodelGraphWalker  - Visiting attribute path : salary
2133 [main] DEBUG org.hibernate.persister.walking.spi.MetamodelGraphWalker  - Visiting attribute path : commissionPct
2133 [main] DEBUG org.hibernate.persister.walking.spi.MetamodelGraphWalker  - Visiting attribute path : managerId
2133 [main] DEBUG org.hibernate.persister.walking.spi.MetamodelGraphWalker  - Visiting attribute path : departmentId
2134 [main] DEBUG org.hibernate.loader.plan.build.internal.FetchStyleLoadPlanBuildingAssociationVisitationStrategy  - Building LoadPlan...
2134 [main] DEBUG org.hibernate.loader.plan.exec.internal.LoadQueryJoinAndFetchProcessor  - processing queryspace <gen:0>
2134 [main] DEBUG org.hibernate.loader.plan.build.spi.LoadPlanTreePrinter  - LoadPlan(entity=com.indus.training.persist.entity.Employee)
    - Returns
       - EntityReturnImpl(entity=com.indus.training.persist.entity.Employee, querySpaceUid=<gen:0>, path=com.indus.training.persist.entity.Employee)
    - QuerySpaces
       - EntityQuerySpaceImpl(uid=<gen:0>, entity=com.indus.training.persist.entity.Employee)
          - SQL table alias mapping - employee0_
          - alias suffix - 0_
          - suffixed key columns - {EMPLOYEE1_1_0_}

2135 [main] DEBUG org.hibernate.loader.entity.plan.EntityLoader  - Static select for entity com.indus.training.persist.entity.Employee [UPGRADE_NOWAIT]: select employee0_.EMPLOYEE_ID as EMPLOYEE1_1_0_, employee0_.FIRST_NAME as FIRST_NA2_1_0_, employee0_.LAST_NAME as LAST_NAM3_1_0_, employee0_.EMAIL as EMAIL4_1_0_, employee0_.PHONE_NUMBER as PHONE_NU5_1_0_, employee0_.HIRE_DATE as HIRE_DAT6_1_0_, employee0_.JOB_ID as JOB_ID7_1_0_, employee0_.SALARY as SALARY8_1_0_, employee0_.COMMISSION_PCT as COMMISSI9_1_0_, employee0_.MANAGER_ID as MANAGER10_1_0_, employee0_.DEPARTMENT_ID as DEPARTM11_1_0_ from EMPLOYEES employee0_ where employee0_.EMPLOYEE_ID=? for update nowait 
2135 [main] DEBUG org.hibernate.loader.plan.build.internal.spaces.QuerySpacesImpl  - Adding QuerySpace : uid = <gen:0> -> org.hibernate.loader.plan.build.internal.spaces.EntityQuerySpaceImpl@6d5620ce]
2135 [main] DEBUG org.hibernate.persister.walking.spi.MetamodelGraphWalker  - Visiting attribute path : firstName
2135 [main] DEBUG org.hibernate.persister.walking.spi.MetamodelGraphWalker  - Visiting attribute path : lastName
2135 [main] DEBUG org.hibernate.persister.walking.spi.MetamodelGraphWalker  - Visiting attribute path : email
2135 [main] DEBUG org.hibernate.persister.walking.spi.MetamodelGraphWalker  - Visiting attribute path : phoneNumber
2135 [main] DEBUG org.hibernate.persister.walking.spi.MetamodelGraphWalker  - Visiting attribute path : hireDate
2135 [main] DEBUG org.hibernate.persister.walking.spi.MetamodelGraphWalker  - Visiting attribute path : jobID
2135 [main] DEBUG org.hibernate.persister.walking.spi.MetamodelGraphWalker  - Visiting attribute path : salary
2135 [main] DEBUG org.hibernate.persister.walking.spi.MetamodelGraphWalker  - Visiting attribute path : commissionPct
2135 [main] DEBUG org.hibernate.persister.walking.spi.MetamodelGraphWalker  - Visiting attribute path : managerId
2135 [main] DEBUG org.hibernate.persister.walking.spi.MetamodelGraphWalker  - Visiting attribute path : departmentId
2135 [main] DEBUG org.hibernate.loader.plan.build.internal.FetchStyleLoadPlanBuildingAssociationVisitationStrategy  - Building LoadPlan...
2136 [main] DEBUG org.hibernate.loader.plan.exec.internal.LoadQueryJoinAndFetchProcessor  - processing queryspace <gen:0>
2136 [main] DEBUG org.hibernate.loader.plan.build.spi.LoadPlanTreePrinter  - LoadPlan(entity=com.indus.training.persist.entity.Employee)
    - Returns
       - EntityReturnImpl(entity=com.indus.training.persist.entity.Employee, querySpaceUid=<gen:0>, path=com.indus.training.persist.entity.Employee)
    - QuerySpaces
       - EntityQuerySpaceImpl(uid=<gen:0>, entity=com.indus.training.persist.entity.Employee)
          - SQL table alias mapping - employee0_
          - alias suffix - 0_
          - suffixed key columns - {EMPLOYEE1_1_0_}

2136 [main] DEBUG org.hibernate.loader.entity.plan.EntityLoader  - Static select for entity com.indus.training.persist.entity.Employee [UPGRADE_SKIPLOCKED]: select employee0_.EMPLOYEE_ID as EMPLOYEE1_1_0_, employee0_.FIRST_NAME as FIRST_NA2_1_0_, employee0_.LAST_NAME as LAST_NAM3_1_0_, employee0_.EMAIL as EMAIL4_1_0_, employee0_.PHONE_NUMBER as PHONE_NU5_1_0_, employee0_.HIRE_DATE as HIRE_DAT6_1_0_, employee0_.JOB_ID as JOB_ID7_1_0_, employee0_.SALARY as SALARY8_1_0_, employee0_.COMMISSION_PCT as COMMISSI9_1_0_, employee0_.MANAGER_ID as MANAGER10_1_0_, employee0_.DEPARTMENT_ID as DEPARTM11_1_0_ from EMPLOYEES employee0_ where employee0_.EMPLOYEE_ID=? for update
2136 [main] DEBUG org.hibernate.loader.plan.build.internal.spaces.QuerySpacesImpl  - Adding QuerySpace : uid = <gen:0> -> org.hibernate.loader.plan.build.internal.spaces.EntityQuerySpaceImpl@642a7222]
2136 [main] DEBUG org.hibernate.persister.walking.spi.MetamodelGraphWalker  - Visiting attribute path : firstName
2136 [main] DEBUG org.hibernate.persister.walking.spi.MetamodelGraphWalker  - Visiting attribute path : lastName
2136 [main] DEBUG org.hibernate.persister.walking.spi.MetamodelGraphWalker  - Visiting attribute path : email
2136 [main] DEBUG org.hibernate.persister.walking.spi.MetamodelGraphWalker  - Visiting attribute path : phoneNumber
2136 [main] DEBUG org.hibernate.persister.walking.spi.MetamodelGraphWalker  - Visiting attribute path : hireDate
2136 [main] DEBUG org.hibernate.persister.walking.spi.MetamodelGraphWalker  - Visiting attribute path : jobID
2136 [main] DEBUG org.hibernate.persister.walking.spi.MetamodelGraphWalker  - Visiting attribute path : salary
2136 [main] DEBUG org.hibernate.persister.walking.spi.MetamodelGraphWalker  - Visiting attribute path : commissionPct
2137 [main] DEBUG org.hibernate.persister.walking.spi.MetamodelGraphWalker  - Visiting attribute path : managerId
2137 [main] DEBUG org.hibernate.persister.walking.spi.MetamodelGraphWalker  - Visiting attribute path : departmentId
2137 [main] DEBUG org.hibernate.loader.plan.build.internal.FetchStyleLoadPlanBuildingAssociationVisitationStrategy  - Building LoadPlan...
2137 [main] DEBUG org.hibernate.loader.plan.exec.internal.LoadQueryJoinAndFetchProcessor  - processing queryspace <gen:0>
2137 [main] DEBUG org.hibernate.loader.plan.build.spi.LoadPlanTreePrinter  - LoadPlan(entity=com.indus.training.persist.entity.Employee)
    - Returns
       - EntityReturnImpl(entity=com.indus.training.persist.entity.Employee, querySpaceUid=<gen:0>, path=com.indus.training.persist.entity.Employee)
    - QuerySpaces
       - EntityQuerySpaceImpl(uid=<gen:0>, entity=com.indus.training.persist.entity.Employee)
          - SQL table alias mapping - employee0_
          - alias suffix - 0_
          - suffixed key columns - {EMPLOYEE1_1_0_}

2137 [main] DEBUG org.hibernate.loader.entity.plan.EntityLoader  - Static select for entity com.indus.training.persist.entity.Employee [FORCE]: select employee0_.EMPLOYEE_ID as EMPLOYEE1_1_0_, employee0_.FIRST_NAME as FIRST_NA2_1_0_, employee0_.LAST_NAME as LAST_NAM3_1_0_, employee0_.EMAIL as EMAIL4_1_0_, employee0_.PHONE_NUMBER as PHONE_NU5_1_0_, employee0_.HIRE_DATE as HIRE_DAT6_1_0_, employee0_.JOB_ID as JOB_ID7_1_0_, employee0_.SALARY as SALARY8_1_0_, employee0_.COMMISSION_PCT as COMMISSI9_1_0_, employee0_.MANAGER_ID as MANAGER10_1_0_, employee0_.DEPARTMENT_ID as DEPARTM11_1_0_ from EMPLOYEES employee0_ where employee0_.EMPLOYEE_ID=? for update nowait 
2137 [main] DEBUG org.hibernate.loader.plan.build.internal.spaces.QuerySpacesImpl  - Adding QuerySpace : uid = <gen:0> -> org.hibernate.loader.plan.build.internal.spaces.EntityQuerySpaceImpl@21be3395]
2138 [main] DEBUG org.hibernate.persister.walking.spi.MetamodelGraphWalker  - Visiting attribute path : firstName
2138 [main] DEBUG org.hibernate.persister.walking.spi.MetamodelGraphWalker  - Visiting attribute path : lastName
2138 [main] DEBUG org.hibernate.persister.walking.spi.MetamodelGraphWalker  - Visiting attribute path : email
2138 [main] DEBUG org.hibernate.persister.walking.spi.MetamodelGraphWalker  - Visiting attribute path : phoneNumber
2138 [main] DEBUG org.hibernate.persister.walking.spi.MetamodelGraphWalker  - Visiting attribute path : hireDate
2138 [main] DEBUG org.hibernate.persister.walking.spi.MetamodelGraphWalker  - Visiting attribute path : jobID
2138 [main] DEBUG org.hibernate.persister.walking.spi.MetamodelGraphWalker  - Visiting attribute path : salary
2138 [main] DEBUG org.hibernate.persister.walking.spi.MetamodelGraphWalker  - Visiting attribute path : commissionPct
2138 [main] DEBUG org.hibernate.persister.walking.spi.MetamodelGraphWalker  - Visiting attribute path : managerId
2138 [main] DEBUG org.hibernate.persister.walking.spi.MetamodelGraphWalker  - Visiting attribute path : departmentId
2138 [main] DEBUG org.hibernate.loader.plan.build.internal.FetchStyleLoadPlanBuildingAssociationVisitationStrategy  - Building LoadPlan...
2140 [main] DEBUG org.hibernate.loader.plan.exec.internal.LoadQueryJoinAndFetchProcessor  - processing queryspace <gen:0>
2140 [main] DEBUG org.hibernate.loader.plan.build.spi.LoadPlanTreePrinter  - LoadPlan(entity=com.indus.training.persist.entity.Employee)
    - Returns
       - EntityReturnImpl(entity=com.indus.training.persist.entity.Employee, querySpaceUid=<gen:0>, path=com.indus.training.persist.entity.Employee)
    - QuerySpaces
       - EntityQuerySpaceImpl(uid=<gen:0>, entity=com.indus.training.persist.entity.Employee)
          - SQL table alias mapping - employee0_
          - alias suffix - 0_
          - suffixed key columns - {EMPLOYEE1_1_0_}

2140 [main] DEBUG org.hibernate.loader.entity.plan.EntityLoader  - Static select for entity com.indus.training.persist.entity.Employee [PESSIMISTIC_READ]: select employee0_.EMPLOYEE_ID as EMPLOYEE1_1_0_, employee0_.FIRST_NAME as FIRST_NA2_1_0_, employee0_.LAST_NAME as LAST_NAM3_1_0_, employee0_.EMAIL as EMAIL4_1_0_, employee0_.PHONE_NUMBER as PHONE_NU5_1_0_, employee0_.HIRE_DATE as HIRE_DAT6_1_0_, employee0_.JOB_ID as JOB_ID7_1_0_, employee0_.SALARY as SALARY8_1_0_, employee0_.COMMISSION_PCT as COMMISSI9_1_0_, employee0_.MANAGER_ID as MANAGER10_1_0_, employee0_.DEPARTMENT_ID as DEPARTM11_1_0_ from EMPLOYEES employee0_ where employee0_.EMPLOYEE_ID=? for share
2140 [main] DEBUG org.hibernate.loader.plan.build.internal.spaces.QuerySpacesImpl  - Adding QuerySpace : uid = <gen:0> -> org.hibernate.loader.plan.build.internal.spaces.EntityQuerySpaceImpl@78452606]
2141 [main] DEBUG org.hibernate.persister.walking.spi.MetamodelGraphWalker  - Visiting attribute path : firstName
2141 [main] DEBUG org.hibernate.persister.walking.spi.MetamodelGraphWalker  - Visiting attribute path : lastName
2141 [main] DEBUG org.hibernate.persister.walking.spi.MetamodelGraphWalker  - Visiting attribute path : email
2141 [main] DEBUG org.hibernate.persister.walking.spi.MetamodelGraphWalker  - Visiting attribute path : phoneNumber
2141 [main] DEBUG org.hibernate.persister.walking.spi.MetamodelGraphWalker  - Visiting attribute path : hireDate
2141 [main] DEBUG org.hibernate.persister.walking.spi.MetamodelGraphWalker  - Visiting attribute path : jobID
2141 [main] DEBUG org.hibernate.persister.walking.spi.MetamodelGraphWalker  - Visiting attribute path : salary
2141 [main] DEBUG org.hibernate.persister.walking.spi.MetamodelGraphWalker  - Visiting attribute path : commissionPct
2141 [main] DEBUG org.hibernate.persister.walking.spi.MetamodelGraphWalker  - Visiting attribute path : managerId
2141 [main] DEBUG org.hibernate.persister.walking.spi.MetamodelGraphWalker  - Visiting attribute path : departmentId
2141 [main] DEBUG org.hibernate.loader.plan.build.internal.FetchStyleLoadPlanBuildingAssociationVisitationStrategy  - Building LoadPlan...
2149 [main] DEBUG org.hibernate.loader.plan.exec.internal.LoadQueryJoinAndFetchProcessor  - processing queryspace <gen:0>
2150 [main] DEBUG org.hibernate.loader.plan.build.spi.LoadPlanTreePrinter  - LoadPlan(entity=com.indus.training.persist.entity.Employee)
    - Returns
       - EntityReturnImpl(entity=com.indus.training.persist.entity.Employee, querySpaceUid=<gen:0>, path=com.indus.training.persist.entity.Employee)
    - QuerySpaces
       - EntityQuerySpaceImpl(uid=<gen:0>, entity=com.indus.training.persist.entity.Employee)
          - SQL table alias mapping - employee0_
          - alias suffix - 0_
          - suffixed key columns - {EMPLOYEE1_1_0_}

2150 [main] DEBUG org.hibernate.loader.entity.plan.EntityLoader  - Static select for entity com.indus.training.persist.entity.Employee [PESSIMISTIC_WRITE]: select employee0_.EMPLOYEE_ID as EMPLOYEE1_1_0_, employee0_.FIRST_NAME as FIRST_NA2_1_0_, employee0_.LAST_NAME as LAST_NAM3_1_0_, employee0_.EMAIL as EMAIL4_1_0_, employee0_.PHONE_NUMBER as PHONE_NU5_1_0_, employee0_.HIRE_DATE as HIRE_DAT6_1_0_, employee0_.JOB_ID as JOB_ID7_1_0_, employee0_.SALARY as SALARY8_1_0_, employee0_.COMMISSION_PCT as COMMISSI9_1_0_, employee0_.MANAGER_ID as MANAGER10_1_0_, employee0_.DEPARTMENT_ID as DEPARTM11_1_0_ from EMPLOYEES employee0_ where employee0_.EMPLOYEE_ID=? for update
2150 [main] DEBUG org.hibernate.loader.plan.build.internal.spaces.QuerySpacesImpl  - Adding QuerySpace : uid = <gen:0> -> org.hibernate.loader.plan.build.internal.spaces.EntityQuerySpaceImpl@448c8166]
2150 [main] DEBUG org.hibernate.persister.walking.spi.MetamodelGraphWalker  - Visiting attribute path : firstName
2150 [main] DEBUG org.hibernate.persister.walking.spi.MetamodelGraphWalker  - Visiting attribute path : lastName
2150 [main] DEBUG org.hibernate.persister.walking.spi.MetamodelGraphWalker  - Visiting attribute path : email
2150 [main] DEBUG org.hibernate.persister.walking.spi.MetamodelGraphWalker  - Visiting attribute path : phoneNumber
2150 [main] DEBUG org.hibernate.persister.walking.spi.MetamodelGraphWalker  - Visiting attribute path : hireDate
2150 [main] DEBUG org.hibernate.persister.walking.spi.MetamodelGraphWalker  - Visiting attribute path : jobID
2151 [main] DEBUG org.hibernate.persister.walking.spi.MetamodelGraphWalker  - Visiting attribute path : salary
2151 [main] DEBUG org.hibernate.persister.walking.spi.MetamodelGraphWalker  - Visiting attribute path : commissionPct
2151 [main] DEBUG org.hibernate.persister.walking.spi.MetamodelGraphWalker  - Visiting attribute path : managerId
2151 [main] DEBUG org.hibernate.persister.walking.spi.MetamodelGraphWalker  - Visiting attribute path : departmentId
2151 [main] DEBUG org.hibernate.loader.plan.build.internal.FetchStyleLoadPlanBuildingAssociationVisitationStrategy  - Building LoadPlan...
2152 [main] DEBUG org.hibernate.loader.plan.exec.internal.LoadQueryJoinAndFetchProcessor  - processing queryspace <gen:0>
2152 [main] DEBUG org.hibernate.loader.plan.build.spi.LoadPlanTreePrinter  - LoadPlan(entity=com.indus.training.persist.entity.Employee)
    - Returns
       - EntityReturnImpl(entity=com.indus.training.persist.entity.Employee, querySpaceUid=<gen:0>, path=com.indus.training.persist.entity.Employee)
    - QuerySpaces
       - EntityQuerySpaceImpl(uid=<gen:0>, entity=com.indus.training.persist.entity.Employee)
          - SQL table alias mapping - employee0_
          - alias suffix - 0_
          - suffixed key columns - {EMPLOYEE1_1_0_}

2152 [main] DEBUG org.hibernate.loader.entity.plan.EntityLoader  - Static select for entity com.indus.training.persist.entity.Employee [PESSIMISTIC_FORCE_INCREMENT]: select employee0_.EMPLOYEE_ID as EMPLOYEE1_1_0_, employee0_.FIRST_NAME as FIRST_NA2_1_0_, employee0_.LAST_NAME as LAST_NAM3_1_0_, employee0_.EMAIL as EMAIL4_1_0_, employee0_.PHONE_NUMBER as PHONE_NU5_1_0_, employee0_.HIRE_DATE as HIRE_DAT6_1_0_, employee0_.JOB_ID as JOB_ID7_1_0_, employee0_.SALARY as SALARY8_1_0_, employee0_.COMMISSION_PCT as COMMISSI9_1_0_, employee0_.MANAGER_ID as MANAGER10_1_0_, employee0_.DEPARTMENT_ID as DEPARTM11_1_0_ from EMPLOYEES employee0_ where employee0_.EMPLOYEE_ID=? for update nowait 
2152 [main] DEBUG org.hibernate.loader.plan.build.internal.spaces.QuerySpacesImpl  - Adding QuerySpace : uid = <gen:0> -> org.hibernate.loader.plan.build.internal.spaces.EntityQuerySpaceImpl@15d49048]
2152 [main] DEBUG org.hibernate.persister.walking.spi.MetamodelGraphWalker  - Visiting attribute path : firstName
2152 [main] DEBUG org.hibernate.persister.walking.spi.MetamodelGraphWalker  - Visiting attribute path : lastName
2152 [main] DEBUG org.hibernate.persister.walking.spi.MetamodelGraphWalker  - Visiting attribute path : email
2152 [main] DEBUG org.hibernate.persister.walking.spi.MetamodelGraphWalker  - Visiting attribute path : phoneNumber
2152 [main] DEBUG org.hibernate.persister.walking.spi.MetamodelGraphWalker  - Visiting attribute path : hireDate
2153 [main] DEBUG org.hibernate.persister.walking.spi.MetamodelGraphWalker  - Visiting attribute path : jobID
2153 [main] DEBUG org.hibernate.persister.walking.spi.MetamodelGraphWalker  - Visiting attribute path : salary
2153 [main] DEBUG org.hibernate.persister.walking.spi.MetamodelGraphWalker  - Visiting attribute path : commissionPct
2153 [main] DEBUG org.hibernate.persister.walking.spi.MetamodelGraphWalker  - Visiting attribute path : managerId
2153 [main] DEBUG org.hibernate.persister.walking.spi.MetamodelGraphWalker  - Visiting attribute path : departmentId
2153 [main] DEBUG org.hibernate.loader.plan.build.internal.FetchStyleLoadPlanBuildingAssociationVisitationStrategy  - Building LoadPlan...
2153 [main] DEBUG org.hibernate.loader.plan.exec.internal.LoadQueryJoinAndFetchProcessor  - processing queryspace <gen:0>
2154 [main] DEBUG org.hibernate.loader.plan.build.spi.LoadPlanTreePrinter  - LoadPlan(entity=com.indus.training.persist.entity.Employee)
    - Returns
       - EntityReturnImpl(entity=com.indus.training.persist.entity.Employee, querySpaceUid=<gen:0>, path=com.indus.training.persist.entity.Employee)
    - QuerySpaces
       - EntityQuerySpaceImpl(uid=<gen:0>, entity=com.indus.training.persist.entity.Employee)
          - SQL table alias mapping - employee0_
          - alias suffix - 0_
          - suffixed key columns - {EMPLOYEE1_1_0_}

2154 [main] DEBUG org.hibernate.loader.entity.plan.EntityLoader  - Static select for entity com.indus.training.persist.entity.Employee [OPTIMISTIC]: select employee0_.EMPLOYEE_ID as EMPLOYEE1_1_0_, employee0_.FIRST_NAME as FIRST_NA2_1_0_, employee0_.LAST_NAME as LAST_NAM3_1_0_, employee0_.EMAIL as EMAIL4_1_0_, employee0_.PHONE_NUMBER as PHONE_NU5_1_0_, employee0_.HIRE_DATE as HIRE_DAT6_1_0_, employee0_.JOB_ID as JOB_ID7_1_0_, employee0_.SALARY as SALARY8_1_0_, employee0_.COMMISSION_PCT as COMMISSI9_1_0_, employee0_.MANAGER_ID as MANAGER10_1_0_, employee0_.DEPARTMENT_ID as DEPARTM11_1_0_ from EMPLOYEES employee0_ where employee0_.EMPLOYEE_ID=?
2154 [main] DEBUG org.hibernate.loader.plan.build.internal.spaces.QuerySpacesImpl  - Adding QuerySpace : uid = <gen:0> -> org.hibernate.loader.plan.build.internal.spaces.EntityQuerySpaceImpl@503f91c3]
2154 [main] DEBUG org.hibernate.persister.walking.spi.MetamodelGraphWalker  - Visiting attribute path : firstName
2154 [main] DEBUG org.hibernate.persister.walking.spi.MetamodelGraphWalker  - Visiting attribute path : lastName
2154 [main] DEBUG org.hibernate.persister.walking.spi.MetamodelGraphWalker  - Visiting attribute path : email
2154 [main] DEBUG org.hibernate.persister.walking.spi.MetamodelGraphWalker  - Visiting attribute path : phoneNumber
2154 [main] DEBUG org.hibernate.persister.walking.spi.MetamodelGraphWalker  - Visiting attribute path : hireDate
2154 [main] DEBUG org.hibernate.persister.walking.spi.MetamodelGraphWalker  - Visiting attribute path : jobID
2154 [main] DEBUG org.hibernate.persister.walking.spi.MetamodelGraphWalker  - Visiting attribute path : salary
2154 [main] DEBUG org.hibernate.persister.walking.spi.MetamodelGraphWalker  - Visiting attribute path : commissionPct
2154 [main] DEBUG org.hibernate.persister.walking.spi.MetamodelGraphWalker  - Visiting attribute path : managerId
2154 [main] DEBUG org.hibernate.persister.walking.spi.MetamodelGraphWalker  - Visiting attribute path : departmentId
2154 [main] DEBUG org.hibernate.loader.plan.build.internal.FetchStyleLoadPlanBuildingAssociationVisitationStrategy  - Building LoadPlan...
2155 [main] DEBUG org.hibernate.loader.plan.exec.internal.LoadQueryJoinAndFetchProcessor  - processing queryspace <gen:0>
2155 [main] DEBUG org.hibernate.loader.plan.build.spi.LoadPlanTreePrinter  - LoadPlan(entity=com.indus.training.persist.entity.Employee)
    - Returns
       - EntityReturnImpl(entity=com.indus.training.persist.entity.Employee, querySpaceUid=<gen:0>, path=com.indus.training.persist.entity.Employee)
    - QuerySpaces
       - EntityQuerySpaceImpl(uid=<gen:0>, entity=com.indus.training.persist.entity.Employee)
          - SQL table alias mapping - employee0_
          - alias suffix - 0_
          - suffixed key columns - {EMPLOYEE1_1_0_}

2155 [main] DEBUG org.hibernate.loader.entity.plan.EntityLoader  - Static select for entity com.indus.training.persist.entity.Employee [OPTIMISTIC_FORCE_INCREMENT]: select employee0_.EMPLOYEE_ID as EMPLOYEE1_1_0_, employee0_.FIRST_NAME as FIRST_NA2_1_0_, employee0_.LAST_NAME as LAST_NAM3_1_0_, employee0_.EMAIL as EMAIL4_1_0_, employee0_.PHONE_NUMBER as PHONE_NU5_1_0_, employee0_.HIRE_DATE as HIRE_DAT6_1_0_, employee0_.JOB_ID as JOB_ID7_1_0_, employee0_.SALARY as SALARY8_1_0_, employee0_.COMMISSION_PCT as COMMISSI9_1_0_, employee0_.MANAGER_ID as MANAGER10_1_0_, employee0_.DEPARTMENT_ID as DEPARTM11_1_0_ from EMPLOYEES employee0_ where employee0_.EMPLOYEE_ID=?
2155 [main] DEBUG org.hibernate.loader.Loader  - Static select for action ACTION_MERGE on entity com.indus.training.persist.entity.Employee: select employee0_.EMPLOYEE_ID as EMPLOYEE1_1_0_, employee0_.FIRST_NAME as FIRST_NA2_1_0_, employee0_.LAST_NAME as LAST_NAM3_1_0_, employee0_.EMAIL as EMAIL4_1_0_, employee0_.PHONE_NUMBER as PHONE_NU5_1_0_, employee0_.HIRE_DATE as HIRE_DAT6_1_0_, employee0_.JOB_ID as JOB_ID7_1_0_, employee0_.SALARY as SALARY8_1_0_, employee0_.COMMISSION_PCT as COMMISSI9_1_0_, employee0_.MANAGER_ID as MANAGER10_1_0_, employee0_.DEPARTMENT_ID as DEPARTM11_1_0_ from EMPLOYEES employee0_ where employee0_.EMPLOYEE_ID=?
2156 [main] DEBUG org.hibernate.loader.Loader  - Static select for action ACTION_REFRESH on entity com.indus.training.persist.entity.Employee: select employee0_.EMPLOYEE_ID as EMPLOYEE1_1_0_, employee0_.FIRST_NAME as FIRST_NA2_1_0_, employee0_.LAST_NAME as LAST_NAM3_1_0_, employee0_.EMAIL as EMAIL4_1_0_, employee0_.PHONE_NUMBER as PHONE_NU5_1_0_, employee0_.HIRE_DATE as HIRE_DAT6_1_0_, employee0_.JOB_ID as JOB_ID7_1_0_, employee0_.SALARY as SALARY8_1_0_, employee0_.COMMISSION_PCT as COMMISSI9_1_0_, employee0_.MANAGER_ID as MANAGER10_1_0_, employee0_.DEPARTMENT_ID as DEPARTM11_1_0_ from EMPLOYEES employee0_ where employee0_.EMPLOYEE_ID=?
2167 [main] DEBUG org.hibernate.internal.SessionFactoryRegistry  - Initializing SessionFactoryRegistry : org.hibernate.internal.SessionFactoryRegistry@6bb4dd34
2171 [main] DEBUG org.hibernate.internal.SessionFactoryRegistry  - Registering SessionFactory: 0cc03e76-fecc-4d7d-a462-9139b2a12e00 (<unnamed>)
2171 [main] DEBUG org.hibernate.internal.SessionFactoryRegistry  - Not binding SessionFactory to JNDI, no JNDI name configured
2171 [main] DEBUG org.hibernate.internal.SessionFactoryImpl  - Instantiated session factory
2172 [main] DEBUG org.hibernate.internal.NamedQueryRepository  - Checking 0 named HQL queries
2172 [main] DEBUG org.hibernate.internal.NamedQueryRepository  - Checking 0 named SQL queries
2186 [main] DEBUG org.hibernate.stat.internal.StatisticsInitiator  - Statistics initialized [enabled=false]
2286 [main] DEBUG org.hibernate.engine.transaction.spi.AbstractTransactionImpl  - begin
2286 [main] DEBUG org.hibernate.engine.jdbc.internal.LogicalConnectionImpl  - Obtaining JDBC connection
2286 [main] DEBUG org.hibernate.engine.jdbc.internal.LogicalConnectionImpl  - Obtained JDBC connection
2286 [main] DEBUG org.hibernate.engine.transaction.internal.jdbc.JdbcTransaction  - initial autocommit status: false
2386 [main] DEBUG org.hibernate.SQL  - select employee0_.EMPLOYEE_ID as EMPLOYEE1_1_0_, employee0_.FIRST_NAME as FIRST_NA2_1_0_, employee0_.LAST_NAME as LAST_NAM3_1_0_, employee0_.EMAIL as EMAIL4_1_0_, employee0_.PHONE_NUMBER as PHONE_NU5_1_0_, employee0_.HIRE_DATE as HIRE_DAT6_1_0_, employee0_.JOB_ID as JOB_ID7_1_0_, employee0_.SALARY as SALARY8_1_0_, employee0_.COMMISSION_PCT as COMMISSI9_1_0_, employee0_.MANAGER_ID as MANAGER10_1_0_, employee0_.DEPARTMENT_ID as DEPARTM11_1_0_ from EMPLOYEES employee0_ where employee0_.EMPLOYEE_ID=?
2403 [main] DEBUG org.hibernate.loader.plan.exec.process.internal.ResultSetProcessorImpl  - Starting ResultSet row #0
2405 [main] DEBUG org.hibernate.loader.plan.exec.process.internal.EntityReferenceInitializerImpl  - On call to EntityIdentifierReaderImpl#resolve, EntityKey was already known; should only happen on root returns with an optional identifier specified
2428 [main] DEBUG org.hibernate.engine.internal.TwoPhaseLoad  - Resolving associations for [com.indus.training.persist.entity.Employee#167]
2432 [main] DEBUG org.hibernate.engine.internal.TwoPhaseLoad  - Done materializing entity [com.indus.training.persist.entity.Employee#167]
2433 [main] DEBUG org.hibernate.loader.entity.plan.AbstractLoadPlanBasedEntityLoader  - Done entity load : com.indus.training.persist.entity.Employee#167
2435 [main] DEBUG org.hibernate.engine.transaction.spi.AbstractTransactionImpl  - committing
2437 [main] DEBUG org.hibernate.event.internal.AbstractFlushingEventListener  - Processing flush-time cascades
2442 [main] DEBUG org.hibernate.event.internal.AbstractFlushingEventListener  - Dirty checking collections
2446 [main] DEBUG org.hibernate.event.internal.AbstractFlushingEventListener  - Flushed: 0 insertions, 0 updates, 0 deletions to 1 objects
2446 [main] DEBUG org.hibernate.event.internal.AbstractFlushingEventListener  - Flushed: 0 (re)creations, 0 updates, 0 removals to 0 collections
2448 [main] DEBUG org.hibernate.internal.util.EntityPrinter  - Listing entities:
2449 [main] DEBUG org.hibernate.internal.util.EntityPrinter  - com.indus.training.persist.entity.Employee{firstName=Amit, lastName=Banda, jobID=SA_REP, hireDate=2000-04-21 00:00:00.0, phoneNumber=011.44.1346.729268, departmentId=80, employeeId=167, managerId=147, salary=6200.00, email=ABANDA, commissionPct=0.10}
2451 [main] DEBUG org.hibernate.engine.transaction.internal.jdbc.JdbcTransaction  - committed JDBC Connection
